INFO::now processing index:1 total:50  file:MR_Plant-predict_l_for_s_given_po-Coherence-10000-0.001-0.001-4-10000-0.1-10-10-10-unlimited.json
INFO::now processing index:2 total:50  file:MR_BaseballPlayer-predict_l_for_s_given_po-Coherence-10000-0.001-0.001-4-10000-0.1-10-10-10-unlimited.json
INFO::now processing index:3 total:50  file:MR_Film-predict_l_for_s_given_po-Coherence-10000-0.001-0.001-4-10000-0.1-10-10-10-unlimited.json
INFO::now processing index:4 total:50  file:MR_SoccerClub-predict_l_for_s_given_po-Coherence-10000-0.001-0.001-4-10000-0.1-10-10-10-unlimited.json
INFO::now processing index:5 total:50  file:MR_HistoricBuilding-predict_l_for_s_given_po-Coherence-10000-0.001-0.001-4-10000-0.1-10-10-10-unlimited.json
INFO::now processing index:6 total:50  file:MR_Book-predict_l_for_s_given_po-Coherence-10000-0.001-0.001-4-10000-0.1-10-10-10-unlimited.json
INFO::now processing index:7 total:50  file:MR_HistoricPlace-predict_l_for_s_given_po-Coherence-10000-0.001-0.001-4-10000-0.1-10-10-10-unlimited.json
INFO::now processing index:8 total:50  file:MR_FootballLeagueSeason-predict_l_for_s_given_po-Coherence-10000-0.001-0.001-4-10000-0.1-10-10-10-unlimited.json
INFO::now processing index:9 total:50  file:MR_Band-predict_l_for_s_given_po-Coherence-10000-0.001-0.001-4-10000-0.1-10-10-10-unlimited.json
INFO::now processing index:10 total:50  file:MR_MilitaryPerson-predict_l_for_s_given_po-Coherence-10000-0.001-0.001-4-10000-0.1-10-10-10-unlimited.json
INFO::now processing index:11 total:50  file:MR_MilitaryConflict-predict_l_for_s_given_po-Coherence-10000-0.001-0.001-4-10000-0.1-10-10-10-unlimited.json
INFO::now processing index:12 total:50  file:MR_Album-predict_l_for_s_given_po-Coherence-10000-0.001-0.001-4-10000-0.1-10-10-10-unlimited.json
INFO::now processing index:13 total:50  file:MR_PoliticalParty-predict_l_for_s_given_po-Coherence-10000-0.001-0.001-4-10000-0.1-10-10-10-unlimited.json
INFO::now processing index:14 total:50  file:MR_Politician-predict_l_for_s_given_po-Coherence-10000-0.001-0.001-4-10000-0.1-10-10-10-unlimited.json
INFO::now processing index:15 total:50  file:MR_RugbyPlayer-predict_l_for_s_given_po-Coherence-10000-0.001-0.001-4-10000-0.1-10-10-10-unlimited.json
INFO::now processing index:16 total:50  file:MR_Organisation-predict_l_for_s_given_po-Coherence-10000-0.001-0.001-4-10000-0.1-10-10-10-unlimited.json
INFO::now processing index:17 total:50  file:MR_AmericanFootballPlayer-predict_l_for_s_given_po-Coherence-10000-0.001-0.001-4-10000-0.1-10-10-10-unlimited.json
INFO::now processing index:18 total:50  file:MR_MusicalArtist-predict_l_for_s_given_po-Coherence-10000-0.001-0.001-4-10000-0.1-10-10-10-unlimited.json
INFO::now processing index:19 total:50  file:MR_ProtectedArea-predict_l_for_s_given_po-Coherence-10000-0.001-0.001-4-10000-0.1-10-10-10-unlimited.json
INFO::now processing index:20 total:50  file:MR_Mountain-predict_l_for_s_given_po-Coherence-10000-0.001-0.001-4-10000-0.1-10-10-10-unlimited.json
INFO::now processing index:21 total:50  file:MR_SoccerClubSeason-predict_l_for_s_given_po-Coherence-10000-0.001-0.001-4-10000-0.1-10-10-10-unlimited.json
INFO::now processing index:22 total:50  file:MR_Cricketer-predict_l_for_s_given_po-Coherence-10000-0.001-0.001-4-10000-0.1-10-10-10-unlimited.json
INFO::now processing index:23 total:50  file:MR_School-predict_l_for_s_given_po-Coherence-10000-0.001-0.001-4-10000-0.1-10-10-10-unlimited.json
INFO::now processing index:24 total:50  file:MR_Airport-predict_l_for_s_given_po-Coherence-10000-0.001-0.001-4-10000-0.1-10-10-10-unlimited.json
INFO::now processing index:25 total:50  file:MR_Company-predict_l_for_s_given_po-Coherence-10000-0.001-0.001-4-10000-0.1-10-10-10-unlimited.json
INFO::now processing index:26 total:50  file:MR_BodyOfWater-predict_l_for_s_given_po-Coherence-10000-0.001-0.001-4-10000-0.1-10-10-10-unlimited.json
INFO::now processing index:27 total:50  file:MR_NCAATeamSeason-predict_l_for_s_given_po-Coherence-10000-0.001-0.001-4-10000-0.1-10-10-10-unlimited.json
INFO::now processing index:28 total:50  file:MR_HumanGene-predict_l_for_s_given_po-Coherence-10000-0.001-0.001-4-10000-0.1-10-10-10-unlimited.json
INFO::now processing index:29 total:50  file:MR_RadioStation-predict_l_for_s_given_po-Coherence-10000-0.001-0.001-4-10000-0.1-10-10-10-unlimited.json
INFO::now processing index:30 total:50  file:MR_City-predict_l_for_s_given_po-Coherence-10000-0.001-0.001-4-10000-0.1-10-10-10-unlimited.json
INFO::now processing index:31 total:50  file:MR_Election-predict_l_for_s_given_po-Coherence-10000-0.001-0.001-4-10000-0.1-10-10-10-unlimited.json
INFO::now processing index:32 total:50  file:MR_Athlete-predict_l_for_s_given_po-Coherence-10000-0.001-0.001-4-10000-0.1-10-10-10-unlimited.json
INFO::now processing index:33 total:50  file:MR_Scientist-predict_l_for_s_given_po-Coherence-10000-0.001-0.001-4-10000-0.1-10-10-10-unlimited.json
INFO::now processing index:34 total:50  file:MR_SoccerPlayer-predict_l_for_s_given_po-Coherence-10000-0.001-0.001-4-10000-0.1-10-10-10-unlimited.json
INFO::now processing index:35 total:50  file:MR_Cyclist-predict_l_for_s_given_po-Coherence-10000-0.001-0.001-4-10000-0.1-10-10-10-unlimited.json
INFO::now processing index:36 total:50  file:MR_Mollusca-predict_l_for_s_given_po-Coherence-10000-0.001-0.001-4-10000-0.1-10-10-10-unlimited.json
INFO::now processing index:37 total:50  file:MR_Artist-predict_l_for_s_given_po-Coherence-10000-0.001-0.001-4-10000-0.1-10-10-10-unlimited.json
INFO::now processing index:38 total:50  file:MR_Royalty-predict_l_for_s_given_po-Coherence-10000-0.001-0.001-4-10000-0.1-10-10-10-unlimited.json
INFO::now processing index:39 total:50  file:MR_IceHockeyPlayer-predict_l_for_s_given_po-Coherence-10000-0.001-0.001-4-10000-0.1-10-10-10-unlimited.json
INFO::now processing index:40 total:50  file:MR_ChemicalCompound-predict_l_for_s_given_po-Coherence-10000-0.001-0.001-4-10000-0.1-10-10-10-unlimited.json
INFO::now processing index:41 total:50  file:MR_MilitaryUnit-predict_l_for_s_given_po-Coherence-10000-0.001-0.001-4-10000-0.1-10-10-10-unlimited.json
INFO::now processing index:42 total:50  file:MR_Ship-predict_l_for_s_given_po-Coherence-10000-0.001-0.001-4-10000-0.1-10-10-10-unlimited.json
INFO::now processing index:43 total:50  file:MR_Building-predict_l_for_s_given_po-Coherence-10000-0.001-0.001-4-10000-0.1-10-10-10-unlimited.json
INFO::now processing index:44 total:50  file:MR_Insect-predict_l_for_s_given_po-Coherence-10000-0.001-0.001-4-10000-0.1-10-10-10-unlimited.json
INFO::now processing index:45 total:50  file:MR_AustralianRulesFootballPlayer-predict_l_for_s_given_po-Coherence-10000-0.001-0.001-4-10000-0.1-10-10-10-unlimited.json
INFO::now processing index:46 total:50  file:MR_SoccerManager-predict_l_for_s_given_po-Coherence-10000-0.001-0.001-4-10000-0.1-10-10-10-unlimited.json
INFO::now processing index:47 total:50  file:MR_Aircraft-predict_l_for_s_given_po-Coherence-10000-0.001-0.001-4-10000-0.1-10-10-10-unlimited.json
INFO::now processing index:48 total:50  file:MR_BasketballPlayer-predict_l_for_s_given_po-Coherence-10000-0.001-0.001-4-10000-0.1-10-10-10-unlimited.json
INFO::now processing index:49 total:50  file:MR_River-predict_l_for_s_given_po-Coherence-10000-0.001-0.001-4-10000-0.1-10-10-10-unlimited.json
INFO::now processing index:50 total:50  file:MR_Road-predict_l_for_s_given_po-Coherence-10000-0.001-0.001-4-10000-0.1-10-10-10-unlimited.json
