INFO::****************************Experiment START ************************************************************************
INFO::thresholds:: Cosine-numRule_3000-supA_10.0-supB_10.0-condAB_0.05-condBA_0.05-Cosine_0.05
INFO::parts-of-speech:: JJ
INFO::JJ File that contains all patterns within this thresholds:JJ-1-Cosine-numRule_3000-supA_10.0-supB_10.0-condAB_0.05-condBA_0.05-Cosine_0.05.json
INFO::qald-9 file taken for evalution:src/main/resources/qald9/data/gold//JJ-object-qald9.csv
WARNING::NO linguistic pattern matched between lexicon and qald-9
INFO::#### #### #### #### Mean Reciprocal Value::(NaN/0.0)=NaN
INFO::MEAN RECIPROCAL::NaN
INFO::***** ***** ***** ****** ***** ***** ***** ***** ***** ***** ***** ***** ***** ***** ***** *****
INFO::**********************************************************************************************************************
INFO::****************************Experiment START ************************************************************************
INFO::thresholds:: Cosine-numRule_3000-supA_10.0-supB_10.0-condAB_0.05-condBA_0.05-Cosine_0.5
INFO::parts-of-speech:: JJ
INFO::JJ File that contains all patterns within this thresholds:JJ-2-Cosine-numRule_3000-supA_10.0-supB_10.0-condAB_0.05-condBA_0.05-Cosine_0.5.json
INFO::qald-9 file taken for evalution:src/main/resources/qald9/data/gold//JJ-object-qald9.csv
WARNING::NO linguistic pattern matched between lexicon and qald-9
INFO::#### #### #### #### Mean Reciprocal Value::(NaN/0.0)=NaN
INFO::MEAN RECIPROCAL::NaN
INFO::***** ***** ***** ****** ***** ***** ***** ***** ***** ***** ***** ***** ***** ***** ***** *****
INFO::**********************************************************************************************************************
INFO::****************************Experiment START ************************************************************************
INFO::thresholds:: Cosine-numRule_3000-supA_10.0-supB_10.0-condAB_0.05-condBA_0.5-Cosine_0.05
INFO::parts-of-speech:: JJ
INFO::JJ File that contains all patterns within this thresholds:JJ-3-Cosine-numRule_3000-supA_10.0-supB_10.0-condAB_0.05-condBA_0.5-Cosine_0.05.json
INFO::qald-9 file taken for evalution:src/main/resources/qald9/data/gold//JJ-object-qald9.csv
WARNING::NO linguistic pattern matched between lexicon and qald-9
INFO::#### #### #### #### Mean Reciprocal Value::(NaN/0.0)=NaN
INFO::MEAN RECIPROCAL::NaN
INFO::***** ***** ***** ****** ***** ***** ***** ***** ***** ***** ***** ***** ***** ***** ***** *****
INFO::**********************************************************************************************************************
INFO::****************************Experiment START ************************************************************************
INFO::thresholds:: Cosine-numRule_3000-supA_10.0-supB_10.0-condAB_0.05-condBA_0.5-Cosine_0.5
INFO::parts-of-speech:: JJ
INFO::JJ File that contains all patterns within this thresholds:JJ-4-Cosine-numRule_3000-supA_10.0-supB_10.0-condAB_0.05-condBA_0.5-Cosine_0.5.json
INFO::qald-9 file taken for evalution:src/main/resources/qald9/data/gold//JJ-object-qald9.csv
WARNING::NO linguistic pattern matched between lexicon and qald-9
INFO::#### #### #### #### Mean Reciprocal Value::(NaN/0.0)=NaN
INFO::MEAN RECIPROCAL::NaN
INFO::***** ***** ***** ****** ***** ***** ***** ***** ***** ***** ***** ***** ***** ***** ***** *****
INFO::**********************************************************************************************************************
INFO::****************************Experiment START ************************************************************************
INFO::thresholds:: Cosine-numRule_3000-supA_10.0-supB_10.0-condAB_0.5-condBA_0.05-Cosine_0.05
INFO::parts-of-speech:: JJ
INFO::JJ File that contains all patterns within this thresholds:JJ-5-Cosine-numRule_3000-supA_10.0-supB_10.0-condAB_0.5-condBA_0.05-Cosine_0.05.json
INFO::qald-9 file taken for evalution:src/main/resources/qald9/data/gold//JJ-object-qald9.csv
WARNING::NO linguistic pattern matched between lexicon and qald-9
INFO::#### #### #### #### Mean Reciprocal Value::(NaN/0.0)=NaN
INFO::MEAN RECIPROCAL::NaN
INFO::***** ***** ***** ****** ***** ***** ***** ***** ***** ***** ***** ***** ***** ***** ***** *****
INFO::**********************************************************************************************************************
INFO::****************************Experiment START ************************************************************************
INFO::thresholds:: Cosine-numRule_3000-supA_10.0-supB_10.0-condAB_0.5-condBA_0.05-Cosine_0.5
INFO::parts-of-speech:: JJ
INFO::JJ File that contains all patterns within this thresholds:JJ-6-Cosine-numRule_3000-supA_10.0-supB_10.0-condAB_0.5-condBA_0.05-Cosine_0.5.json
INFO::qald-9 file taken for evalution:src/main/resources/qald9/data/gold//JJ-object-qald9.csv
WARNING::NO linguistic pattern matched between lexicon and qald-9
INFO::#### #### #### #### Mean Reciprocal Value::(NaN/0.0)=NaN
INFO::MEAN RECIPROCAL::NaN
INFO::***** ***** ***** ****** ***** ***** ***** ***** ***** ***** ***** ***** ***** ***** ***** *****
INFO::**********************************************************************************************************************
INFO::****************************Experiment START ************************************************************************
INFO::thresholds:: Cosine-numRule_3000-supA_10.0-supB_10.0-condAB_0.5-condBA_0.5-Cosine_0.05
INFO::parts-of-speech:: JJ
INFO::JJ File that contains all patterns within this thresholds:JJ-7-Cosine-numRule_3000-supA_10.0-supB_10.0-condAB_0.5-condBA_0.5-Cosine_0.05.json
INFO::qald-9 file taken for evalution:src/main/resources/qald9/data/gold//JJ-object-qald9.csv
WARNING::NO linguistic pattern matched between lexicon and qald-9
INFO::#### #### #### #### Mean Reciprocal Value::(NaN/0.0)=NaN
INFO::MEAN RECIPROCAL::NaN
INFO::***** ***** ***** ****** ***** ***** ***** ***** ***** ***** ***** ***** ***** ***** ***** *****
INFO::**********************************************************************************************************************
INFO::****************************Experiment START ************************************************************************
INFO::thresholds:: Cosine-numRule_3000-supA_10.0-supB_10.0-condAB_0.5-condBA_0.5-Cosine_0.5
INFO::parts-of-speech:: JJ
INFO::JJ File that contains all patterns within this thresholds:JJ-8-Cosine-numRule_3000-supA_10.0-supB_10.0-condAB_0.5-condBA_0.5-Cosine_0.5.json
INFO::qald-9 file taken for evalution:src/main/resources/qald9/data/gold//JJ-object-qald9.csv
WARNING::NO linguistic pattern matched between lexicon and qald-9
INFO::#### #### #### #### Mean Reciprocal Value::(NaN/0.0)=NaN
INFO::MEAN RECIPROCAL::NaN
INFO::***** ***** ***** ****** ***** ***** ***** ***** ***** ***** ***** ***** ***** ***** ***** *****
INFO::**********************************************************************************************************************
INFO::****************************Experiment START ************************************************************************
INFO::thresholds:: Cosine-numRule_3000-supA_10.0-supB_200.0-condAB_0.05-condBA_0.05-Cosine_0.05
INFO::parts-of-speech:: JJ
INFO::JJ File that contains all patterns within this thresholds:JJ-9-Cosine-numRule_3000-supA_10.0-supB_200.0-condAB_0.05-condBA_0.05-Cosine_0.05.json
INFO::qald-9 file taken for evalution:src/main/resources/qald9/data/gold//JJ-object-qald9.csv
WARNING::NO linguistic pattern matched between lexicon and qald-9
INFO::#### #### #### #### Mean Reciprocal Value::(NaN/0.0)=NaN
INFO::MEAN RECIPROCAL::NaN
INFO::***** ***** ***** ****** ***** ***** ***** ***** ***** ***** ***** ***** ***** ***** ***** *****
INFO::**********************************************************************************************************************
INFO::****************************Experiment START ************************************************************************
INFO::thresholds:: Cosine-numRule_3000-supA_10.0-supB_200.0-condAB_0.05-condBA_0.05-Cosine_0.5
INFO::parts-of-speech:: JJ
INFO::JJ File that contains all patterns within this thresholds:JJ-10-Cosine-numRule_3000-supA_10.0-supB_200.0-condAB_0.05-condBA_0.05-Cosine_0.5.json
INFO::qald-9 file taken for evalution:src/main/resources/qald9/data/gold//JJ-object-qald9.csv
WARNING::NO linguistic pattern matched between lexicon and qald-9
INFO::#### #### #### #### Mean Reciprocal Value::(NaN/0.0)=NaN
INFO::MEAN RECIPROCAL::NaN
INFO::***** ***** ***** ****** ***** ***** ***** ***** ***** ***** ***** ***** ***** ***** ***** *****
INFO::**********************************************************************************************************************
INFO::****************************Experiment START ************************************************************************
INFO::thresholds:: Cosine-numRule_3000-supA_10.0-supB_200.0-condAB_0.05-condBA_0.5-Cosine_0.05
INFO::parts-of-speech:: JJ
INFO::JJ File that contains all patterns within this thresholds:JJ-11-Cosine-numRule_3000-supA_10.0-supB_200.0-condAB_0.05-condBA_0.5-Cosine_0.05.json
INFO::qald-9 file taken for evalution:src/main/resources/qald9/data/gold//JJ-object-qald9.csv
WARNING::NO linguistic pattern matched between lexicon and qald-9
INFO::#### #### #### #### Mean Reciprocal Value::(NaN/0.0)=NaN
INFO::MEAN RECIPROCAL::NaN
INFO::***** ***** ***** ****** ***** ***** ***** ***** ***** ***** ***** ***** ***** ***** ***** *****
INFO::**********************************************************************************************************************
INFO::****************************Experiment START ************************************************************************
INFO::thresholds:: Cosine-numRule_3000-supA_10.0-supB_200.0-condAB_0.05-condBA_0.5-Cosine_0.5
INFO::parts-of-speech:: JJ
INFO::JJ File that contains all patterns within this thresholds:JJ-12-Cosine-numRule_3000-supA_10.0-supB_200.0-condAB_0.05-condBA_0.5-Cosine_0.5.json
INFO::qald-9 file taken for evalution:src/main/resources/qald9/data/gold//JJ-object-qald9.csv
WARNING::NO linguistic pattern matched between lexicon and qald-9
INFO::#### #### #### #### Mean Reciprocal Value::(NaN/0.0)=NaN
INFO::MEAN RECIPROCAL::NaN
INFO::***** ***** ***** ****** ***** ***** ***** ***** ***** ***** ***** ***** ***** ***** ***** *****
INFO::**********************************************************************************************************************
INFO::****************************Experiment START ************************************************************************
INFO::thresholds:: Cosine-numRule_3000-supA_10.0-supB_200.0-condAB_0.5-condBA_0.05-Cosine_0.05
INFO::**********************************************************************************************************************
INFO::****************************Experiment START ************************************************************************
INFO::thresholds:: Cosine-numRule_3000-supA_10.0-supB_200.0-condAB_0.5-condBA_0.05-Cosine_0.5
INFO::**********************************************************************************************************************
INFO::****************************Experiment START ************************************************************************
INFO::thresholds:: Cosine-numRule_3000-supA_10.0-supB_200.0-condAB_0.5-condBA_0.5-Cosine_0.05
INFO::**********************************************************************************************************************
INFO::****************************Experiment START ************************************************************************
INFO::thresholds:: Cosine-numRule_3000-supA_10.0-supB_200.0-condAB_0.5-condBA_0.5-Cosine_0.5
INFO::**********************************************************************************************************************
INFO::****************************Experiment START ************************************************************************
INFO::thresholds:: Cosine-numRule_3000-supA_200.0-supB_10.0-condAB_0.05-condBA_0.05-Cosine_0.05
INFO::parts-of-speech:: JJ
INFO::JJ File that contains all patterns within this thresholds:JJ-17-Cosine-numRule_3000-supA_200.0-supB_10.0-condAB_0.05-condBA_0.05-Cosine_0.05.json
INFO::qald-9 file taken for evalution:src/main/resources/qald9/data/gold//JJ-object-qald9.csv
WARNING::NO linguistic pattern matched between lexicon and qald-9
INFO::#### #### #### #### Mean Reciprocal Value::(NaN/0.0)=NaN
INFO::MEAN RECIPROCAL::NaN
INFO::***** ***** ***** ****** ***** ***** ***** ***** ***** ***** ***** ***** ***** ***** ***** *****
INFO::**********************************************************************************************************************
INFO::****************************Experiment START ************************************************************************
INFO::thresholds:: Cosine-numRule_3000-supA_200.0-supB_10.0-condAB_0.05-condBA_0.05-Cosine_0.5
INFO::parts-of-speech:: JJ
INFO::JJ File that contains all patterns within this thresholds:JJ-18-Cosine-numRule_3000-supA_200.0-supB_10.0-condAB_0.05-condBA_0.05-Cosine_0.5.json
INFO::qald-9 file taken for evalution:src/main/resources/qald9/data/gold//JJ-object-qald9.csv
WARNING::NO linguistic pattern matched between lexicon and qald-9
INFO::#### #### #### #### Mean Reciprocal Value::(NaN/0.0)=NaN
INFO::MEAN RECIPROCAL::NaN
INFO::***** ***** ***** ****** ***** ***** ***** ***** ***** ***** ***** ***** ***** ***** ***** *****
INFO::**********************************************************************************************************************
INFO::****************************Experiment START ************************************************************************
INFO::thresholds:: Cosine-numRule_3000-supA_200.0-supB_10.0-condAB_0.05-condBA_0.5-Cosine_0.05
INFO::parts-of-speech:: JJ
INFO::JJ File that contains all patterns within this thresholds:JJ-19-Cosine-numRule_3000-supA_200.0-supB_10.0-condAB_0.05-condBA_0.5-Cosine_0.05.json
INFO::qald-9 file taken for evalution:src/main/resources/qald9/data/gold//JJ-object-qald9.csv
WARNING::NO linguistic pattern matched between lexicon and qald-9
INFO::#### #### #### #### Mean Reciprocal Value::(NaN/0.0)=NaN
INFO::MEAN RECIPROCAL::NaN
INFO::***** ***** ***** ****** ***** ***** ***** ***** ***** ***** ***** ***** ***** ***** ***** *****
INFO::**********************************************************************************************************************
INFO::****************************Experiment START ************************************************************************
INFO::thresholds:: Cosine-numRule_3000-supA_200.0-supB_10.0-condAB_0.05-condBA_0.5-Cosine_0.5
INFO::parts-of-speech:: JJ
INFO::JJ File that contains all patterns within this thresholds:JJ-20-Cosine-numRule_3000-supA_200.0-supB_10.0-condAB_0.05-condBA_0.5-Cosine_0.5.json
INFO::qald-9 file taken for evalution:src/main/resources/qald9/data/gold//JJ-object-qald9.csv
WARNING::NO linguistic pattern matched between lexicon and qald-9
INFO::#### #### #### #### Mean Reciprocal Value::(NaN/0.0)=NaN
INFO::MEAN RECIPROCAL::NaN
INFO::***** ***** ***** ****** ***** ***** ***** ***** ***** ***** ***** ***** ***** ***** ***** *****
INFO::**********************************************************************************************************************
INFO::****************************Experiment START ************************************************************************
INFO::thresholds:: Cosine-numRule_3000-supA_200.0-supB_10.0-condAB_0.5-condBA_0.05-Cosine_0.05
INFO::**********************************************************************************************************************
INFO::****************************Experiment START ************************************************************************
INFO::thresholds:: Cosine-numRule_3000-supA_200.0-supB_10.0-condAB_0.5-condBA_0.05-Cosine_0.5
INFO::**********************************************************************************************************************
INFO::****************************Experiment START ************************************************************************
INFO::thresholds:: Cosine-numRule_3000-supA_200.0-supB_10.0-condAB_0.5-condBA_0.5-Cosine_0.05
INFO::**********************************************************************************************************************
INFO::****************************Experiment START ************************************************************************
INFO::thresholds:: Cosine-numRule_3000-supA_200.0-supB_10.0-condAB_0.5-condBA_0.5-Cosine_0.5
INFO::**********************************************************************************************************************
INFO::****************************Experiment START ************************************************************************
INFO::thresholds:: Cosine-numRule_3000-supA_200.0-supB_200.0-condAB_0.05-condBA_0.05-Cosine_0.05
INFO::parts-of-speech:: JJ
INFO::JJ File that contains all patterns within this thresholds:JJ-25-Cosine-numRule_3000-supA_200.0-supB_200.0-condAB_0.05-condBA_0.05-Cosine_0.05.json
INFO::qald-9 file taken for evalution:src/main/resources/qald9/data/gold//JJ-object-qald9.csv
WARNING::NO linguistic pattern matched between lexicon and qald-9
INFO::#### #### #### #### Mean Reciprocal Value::(NaN/0.0)=NaN
INFO::MEAN RECIPROCAL::NaN
INFO::***** ***** ***** ****** ***** ***** ***** ***** ***** ***** ***** ***** ***** ***** ***** *****
INFO::**********************************************************************************************************************
INFO::****************************Experiment START ************************************************************************
INFO::thresholds:: Cosine-numRule_3000-supA_200.0-supB_200.0-condAB_0.05-condBA_0.05-Cosine_0.5
INFO::parts-of-speech:: JJ
INFO::JJ File that contains all patterns within this thresholds:JJ-26-Cosine-numRule_3000-supA_200.0-supB_200.0-condAB_0.05-condBA_0.05-Cosine_0.5.json
INFO::qald-9 file taken for evalution:src/main/resources/qald9/data/gold//JJ-object-qald9.csv
WARNING::NO linguistic pattern matched between lexicon and qald-9
INFO::#### #### #### #### Mean Reciprocal Value::(NaN/0.0)=NaN
INFO::MEAN RECIPROCAL::NaN
INFO::***** ***** ***** ****** ***** ***** ***** ***** ***** ***** ***** ***** ***** ***** ***** *****
INFO::**********************************************************************************************************************
INFO::****************************Experiment START ************************************************************************
INFO::thresholds:: Cosine-numRule_3000-supA_200.0-supB_200.0-condAB_0.05-condBA_0.5-Cosine_0.05
INFO::parts-of-speech:: JJ
INFO::JJ File that contains all patterns within this thresholds:JJ-27-Cosine-numRule_3000-supA_200.0-supB_200.0-condAB_0.05-condBA_0.5-Cosine_0.05.json
INFO::qald-9 file taken for evalution:src/main/resources/qald9/data/gold//JJ-object-qald9.csv
WARNING::NO linguistic pattern matched between lexicon and qald-9
INFO::#### #### #### #### Mean Reciprocal Value::(NaN/0.0)=NaN
INFO::MEAN RECIPROCAL::NaN
INFO::***** ***** ***** ****** ***** ***** ***** ***** ***** ***** ***** ***** ***** ***** ***** *****
INFO::**********************************************************************************************************************
INFO::****************************Experiment START ************************************************************************
INFO::thresholds:: Cosine-numRule_3000-supA_200.0-supB_200.0-condAB_0.05-condBA_0.5-Cosine_0.5
INFO::parts-of-speech:: JJ
INFO::JJ File that contains all patterns within this thresholds:JJ-28-Cosine-numRule_3000-supA_200.0-supB_200.0-condAB_0.05-condBA_0.5-Cosine_0.5.json
INFO::qald-9 file taken for evalution:src/main/resources/qald9/data/gold//JJ-object-qald9.csv
WARNING::NO linguistic pattern matched between lexicon and qald-9
INFO::#### #### #### #### Mean Reciprocal Value::(NaN/0.0)=NaN
INFO::MEAN RECIPROCAL::NaN
INFO::***** ***** ***** ****** ***** ***** ***** ***** ***** ***** ***** ***** ***** ***** ***** *****
INFO::**********************************************************************************************************************
INFO::****************************Experiment START ************************************************************************
INFO::thresholds:: Cosine-numRule_3000-supA_200.0-supB_200.0-condAB_0.5-condBA_0.05-Cosine_0.05
INFO::**********************************************************************************************************************
INFO::****************************Experiment START ************************************************************************
INFO::thresholds:: Cosine-numRule_3000-supA_200.0-supB_200.0-condAB_0.5-condBA_0.05-Cosine_0.5
INFO::**********************************************************************************************************************
INFO::****************************Experiment START ************************************************************************
INFO::thresholds:: Cosine-numRule_3000-supA_200.0-supB_200.0-condAB_0.5-condBA_0.5-Cosine_0.05
INFO::**********************************************************************************************************************
INFO::****************************Experiment START ************************************************************************
INFO::thresholds:: Cosine-numRule_3000-supA_200.0-supB_200.0-condAB_0.5-condBA_0.5-Cosine_0.5
INFO::**********************************************************************************************************************
INFO::****************************Experiment START ************************************************************************
INFO::thresholds:: Cosine-numRule_10000-supA_10.0-supB_10.0-condAB_0.05-condBA_0.05-Cosine_0.05
INFO::parts-of-speech:: JJ
INFO::JJ File that contains all patterns within this thresholds:JJ-33-Cosine-numRule_10000-supA_10.0-supB_10.0-condAB_0.05-condBA_0.05-Cosine_0.05.json
INFO::qald-9 file taken for evalution:src/main/resources/qald9/data/gold//JJ-object-qald9.csv
INFO::rankedList:{programmingLanguage Perl=0.358385779534397}
INFO::gold:{programmingLanguage Perl=false}
INFO::>> now checking QUERY::many  >>>> Pattern FOUND in our LEXICON
INFO::>>>> Proposed results:predicate-object pair:: 
1 programmingLanguage Perl
INFO::>>>>  QALD KB :producer - >>>> NOT FOUND  RANK::0 RECIPROCAL RANK::0


INFO::rankedList:{programmingLanguage Perl=0.358385779534397}
INFO::gold:{programmingLanguage Perl=false}
INFO::>> now checking QUERY::many  >>>> Pattern FOUND in our LEXICON
INFO::>>>> Proposed results:predicate-object pair:: 
1 programmingLanguage Perl
INFO::>>>>  QALD KB :director  >>>> NOT FOUND  RANK::0 RECIPROCAL RANK::0


INFO::rankedList:{programmingLanguage Perl=0.358385779534397}
INFO::gold:{programmingLanguage Perl=false}
INFO::>> now checking QUERY::many  >>>> Pattern FOUND in our LEXICON
INFO::>>>> Proposed results:predicate-object pair:: 
1 programmingLanguage Perl
INFO::>>>>  QALD KB :- - >>>> NOT FOUND  RANK::0 RECIPROCAL RANK::0


INFO::rankedList:{programmingLanguage Perl=0.358385779534397}
INFO::gold:{programmingLanguage Perl=false}
INFO::>> now checking QUERY::many  >>>> Pattern FOUND in our LEXICON
INFO::>>>> Proposed results:predicate-object pair:: 
1 programmingLanguage Perl
INFO::>>>>  QALD KB :populationTotal - >>>> NOT FOUND  RANK::0 RECIPROCAL RANK::0


INFO::rankedList:{programmingLanguage Perl=0.358385779534397}
INFO::gold:{programmingLanguage Perl=false}
INFO::>> now checking QUERY::many  >>>> Pattern FOUND in our LEXICON
INFO::>>>> Proposed results:predicate-object pair:: 
1 programmingLanguage Perl
INFO::>>>>  QALD KB :- - >>>> NOT FOUND  RANK::0 RECIPROCAL RANK::0


INFO::rankedList:{programmingLanguage Perl=0.358385779534397}
INFO::gold:{programmingLanguage Perl=false}
INFO::>> now checking QUERY::many  >>>> Pattern FOUND in our LEXICON
INFO::>>>> Proposed results:predicate-object pair:: 
1 programmingLanguage Perl
INFO::>>>>  QALD KB :numberOfEmployees - >>>> NOT FOUND  RANK::0 RECIPROCAL RANK::0


INFO::rankedList:{programmingLanguage Perl=0.358385779534397}
INFO::gold:{programmingLanguage Perl=false}
INFO::>> now checking QUERY::many  >>>> Pattern FOUND in our LEXICON
INFO::>>>> Proposed results:predicate-object pair:: 
1 programmingLanguage Perl
INFO::>>>>  QALD KB :- - >>>> NOT FOUND  RANK::0 RECIPROCAL RANK::0


INFO::rankedList:{programmingLanguage Perl=0.358385779534397}
INFO::gold:{programmingLanguage Perl=false}
INFO::>> now checking QUERY::many  >>>> Pattern FOUND in our LEXICON
INFO::>>>> Proposed results:predicate-object pair:: 
1 programmingLanguage Perl
INFO::>>>>  QALD KB :- - >>>> NOT FOUND  RANK::0 RECIPROCAL RANK::0


INFO::rankedList:{programmingLanguage Perl=0.358385779534397}
INFO::gold:{programmingLanguage Perl=false}
INFO::>> now checking QUERY::many  >>>> Pattern FOUND in our LEXICON
INFO::>>>> Proposed results:predicate-object pair:: 
1 programmingLanguage Perl
INFO::>>>>  QALD KB :- - >>>> NOT FOUND  RANK::0 RECIPROCAL RANK::0


INFO::rankedList:{programmingLanguage Perl=0.358385779534397}
INFO::gold:{programmingLanguage Perl=false}
INFO::>> now checking QUERY::many  >>>> Pattern FOUND in our LEXICON
INFO::>>>> Proposed results:predicate-object pair:: 
1 programmingLanguage Perl
INFO::>>>>  QALD KB :- - >>>> NOT FOUND  RANK::0 RECIPROCAL RANK::0


INFO::rankedList:{programmingLanguage Perl=0.358385779534397}
INFO::gold:{programmingLanguage Perl=false}
INFO::>> now checking QUERY::many  >>>> Pattern FOUND in our LEXICON
INFO::>>>> Proposed results:predicate-object pair:: 
1 programmingLanguage Perl
INFO::>>>>  QALD KB :- - >>>> NOT FOUND  RANK::0 RECIPROCAL RANK::0


INFO::rankedList:{programmingLanguage Perl=0.358385779534397}
INFO::gold:{programmingLanguage Perl=false}
INFO::>> now checking QUERY::many  >>>> Pattern FOUND in our LEXICON
INFO::>>>> Proposed results:predicate-object pair:: 
1 programmingLanguage Perl
INFO::>>>>  QALD KB :numberOfEmployees - >>>> NOT FOUND  RANK::0 RECIPROCAL RANK::0


INFO::rankedList:{programmingLanguage Perl=0.358385779534397}
INFO::gold:{programmingLanguage Perl=false}
INFO::>> now checking QUERY::many  >>>> Pattern FOUND in our LEXICON
INFO::>>>> Proposed results:predicate-object pair:: 
1 programmingLanguage Perl
INFO::>>>>  QALD KB :- - >>>> NOT FOUND  RANK::0 RECIPROCAL RANK::0


INFO::rankedList:{programmingLanguage Perl=0.358385779534397}
INFO::gold:{programmingLanguage Perl=false}
INFO::>> now checking QUERY::many  >>>> Pattern FOUND in our LEXICON
INFO::>>>> Proposed results:predicate-object pair:: 
1 programmingLanguage Perl
INFO::>>>>  QALD KB :populationTotal - >>>> NOT FOUND  RANK::0 RECIPROCAL RANK::0


INFO::rankedList:{programmingLanguage Perl=0.358385779534397}
INFO::gold:{programmingLanguage Perl=false}
INFO::>> now checking QUERY::many  >>>> Pattern FOUND in our LEXICON
INFO::>>>> Proposed results:predicate-object pair:: 
1 programmingLanguage Perl
INFO::>>>>  QALD KB :numberOfLocations - >>>> NOT FOUND  RANK::0 RECIPROCAL RANK::0


INFO::rankedList:{programmingLanguage Perl=0.358385779534397}
INFO::gold:{programmingLanguage Perl=false}
INFO::>> now checking QUERY::many  >>>> Pattern FOUND in our LEXICON
INFO::>>>> Proposed results:predicate-object pair:: 
1 programmingLanguage Perl
INFO::>>>>  QALD KB :populationTotal - >>>> NOT FOUND  RANK::0 RECIPROCAL RANK::0


INFO::rankedList:{programmingLanguage Perl=0.358385779534397}
INFO::gold:{programmingLanguage Perl=false}
INFO::>> now checking QUERY::many  >>>> Pattern FOUND in our LEXICON
INFO::>>>> Proposed results:predicate-object pair:: 
1 programmingLanguage Perl
INFO::>>>>  QALD KB :- - >>>> NOT FOUND  RANK::0 RECIPROCAL RANK::0


INFO::rankedList:{programmingLanguage Perl=0.358385779534397}
INFO::gold:{programmingLanguage Perl=false}
INFO::>> now checking QUERY::many  >>>> Pattern FOUND in our LEXICON
INFO::>>>> Proposed results:predicate-object pair:: 
1 programmingLanguage Perl
INFO::>>>>  QALD KB :- - >>>> NOT FOUND  RANK::0 RECIPROCAL RANK::0


INFO::rankedList:{programmingLanguage Perl=0.358385779534397}
INFO::gold:{programmingLanguage Perl=false}
INFO::>> now checking QUERY::many  >>>> Pattern FOUND in our LEXICON
INFO::>>>> Proposed results:predicate-object pair:: 
1 programmingLanguage Perl
INFO::>>>>  QALD KB :largestCity - >>>> NOT FOUND  RANK::0 RECIPROCAL RANK::0


INFO::rankedList:{programmingLanguage Perl=0.358385779534397}
INFO::gold:{programmingLanguage Perl=false}
INFO::>> now checking QUERY::many  >>>> Pattern FOUND in our LEXICON
INFO::>>>> Proposed results:predicate-object pair:: 
1 programmingLanguage Perl
INFO::>>>>  QALD KB :- - >>>> NOT FOUND  RANK::0 RECIPROCAL RANK::0


INFO::rankedList:{programmingLanguage Perl=0.358385779534397}
INFO::gold:{programmingLanguage Perl=false}
INFO::>> now checking QUERY::many  >>>> Pattern FOUND in our LEXICON
INFO::>>>> Proposed results:predicate-object pair:: 
1 programmingLanguage Perl
INFO::>>>>  QALD KB :- - >>>> NOT FOUND  RANK::0 RECIPROCAL RANK::0


INFO::rankedList:{programmingLanguage Perl=0.358385779534397}
INFO::gold:{programmingLanguage Perl=false}
INFO::>> now checking QUERY::many  >>>> Pattern FOUND in our LEXICON
INFO::>>>> Proposed results:predicate-object pair:: 
1 programmingLanguage Perl
INFO::>>>>  QALD KB :numberOfPages - >>>> NOT FOUND  RANK::0 RECIPROCAL RANK::0


INFO::rankedList:{programmingLanguage Perl=0.358385779534397}
INFO::gold:{programmingLanguage Perl=false}
INFO::>> now checking QUERY::many  >>>> Pattern FOUND in our LEXICON
INFO::>>>> Proposed results:predicate-object pair:: 
1 programmingLanguage Perl
INFO::>>>>  QALD KB :- - >>>> NOT FOUND  RANK::0 RECIPROCAL RANK::0


INFO::rankedList:{programmingLanguage Perl=0.358385779534397}
INFO::gold:{programmingLanguage Perl=false}
INFO::>> now checking QUERY::many  >>>> Pattern FOUND in our LEXICON
INFO::>>>> Proposed results:predicate-object pair:: 
1 programmingLanguage Perl
INFO::>>>>  QALD KB :populationTotal - >>>> NOT FOUND  RANK::0 RECIPROCAL RANK::0


INFO::rankedList:{programmingLanguage Perl=0.358385779534397}
INFO::gold:{programmingLanguage Perl=false}
INFO::>> now checking QUERY::many  >>>> Pattern FOUND in our LEXICON
INFO::>>>> Proposed results:predicate-object pair:: 
1 programmingLanguage Perl
INFO::>>>>  QALD KB :- - >>>> NOT FOUND  RANK::0 RECIPROCAL RANK::0


INFO::rankedList:{programmingLanguage Perl=0.358385779534397}
INFO::gold:{programmingLanguage Perl=false}
INFO::>> now checking QUERY::many  >>>> Pattern FOUND in our LEXICON
INFO::>>>> Proposed results:predicate-object pair:: 
1 programmingLanguage Perl
INFO::>>>>  QALD KB :- - >>>> NOT FOUND  RANK::0 RECIPROCAL RANK::0


INFO::#### #### #### #### Mean Reciprocal Value::(0.0/26.0)=0.0
INFO::MEAN RECIPROCAL::0.000000000000
INFO::***** ***** ***** ****** ***** ***** ***** ***** ***** ***** ***** ***** ***** ***** ***** *****
INFO::**********************************************************************************************************************
INFO::****************************Experiment START ************************************************************************
INFO::thresholds:: Cosine-numRule_10000-supA_10.0-supB_10.0-condAB_0.05-condBA_0.05-Cosine_0.5
INFO::parts-of-speech:: JJ
INFO::JJ File that contains all patterns within this thresholds:JJ-34-Cosine-numRule_10000-supA_10.0-supB_10.0-condAB_0.05-condBA_0.05-Cosine_0.5.json
INFO::qald-9 file taken for evalution:src/main/resources/qald9/data/gold//JJ-object-qald9.csv
WARNING::NO linguistic pattern matched between lexicon and qald-9
INFO::#### #### #### #### Mean Reciprocal Value::(NaN/0.0)=NaN
INFO::MEAN RECIPROCAL::NaN
INFO::***** ***** ***** ****** ***** ***** ***** ***** ***** ***** ***** ***** ***** ***** ***** *****
INFO::**********************************************************************************************************************
INFO::****************************Experiment START ************************************************************************
INFO::thresholds:: Cosine-numRule_10000-supA_10.0-supB_10.0-condAB_0.05-condBA_0.5-Cosine_0.05
INFO::parts-of-speech:: JJ
INFO::JJ File that contains all patterns within this thresholds:JJ-35-Cosine-numRule_10000-supA_10.0-supB_10.0-condAB_0.05-condBA_0.5-Cosine_0.05.json
INFO::qald-9 file taken for evalution:src/main/resources/qald9/data/gold//JJ-object-qald9.csv
INFO::rankedList:{programmingLanguage Perl=0.358385779534397}
INFO::gold:{programmingLanguage Perl=false}
INFO::>> now checking QUERY::many  >>>> Pattern FOUND in our LEXICON
INFO::>>>> Proposed results:predicate-object pair:: 
1 programmingLanguage Perl
INFO::>>>>  QALD KB :producer - >>>> NOT FOUND  RANK::0 RECIPROCAL RANK::0


INFO::rankedList:{programmingLanguage Perl=0.358385779534397}
INFO::gold:{programmingLanguage Perl=false}
INFO::>> now checking QUERY::many  >>>> Pattern FOUND in our LEXICON
INFO::>>>> Proposed results:predicate-object pair:: 
1 programmingLanguage Perl
INFO::>>>>  QALD KB :director  >>>> NOT FOUND  RANK::0 RECIPROCAL RANK::0


INFO::rankedList:{programmingLanguage Perl=0.358385779534397}
INFO::gold:{programmingLanguage Perl=false}
INFO::>> now checking QUERY::many  >>>> Pattern FOUND in our LEXICON
INFO::>>>> Proposed results:predicate-object pair:: 
1 programmingLanguage Perl
INFO::>>>>  QALD KB :- - >>>> NOT FOUND  RANK::0 RECIPROCAL RANK::0


INFO::rankedList:{programmingLanguage Perl=0.358385779534397}
INFO::gold:{programmingLanguage Perl=false}
INFO::>> now checking QUERY::many  >>>> Pattern FOUND in our LEXICON
INFO::>>>> Proposed results:predicate-object pair:: 
1 programmingLanguage Perl
INFO::>>>>  QALD KB :populationTotal - >>>> NOT FOUND  RANK::0 RECIPROCAL RANK::0


INFO::rankedList:{programmingLanguage Perl=0.358385779534397}
INFO::gold:{programmingLanguage Perl=false}
INFO::>> now checking QUERY::many  >>>> Pattern FOUND in our LEXICON
INFO::>>>> Proposed results:predicate-object pair:: 
1 programmingLanguage Perl
INFO::>>>>  QALD KB :- - >>>> NOT FOUND  RANK::0 RECIPROCAL RANK::0


INFO::rankedList:{programmingLanguage Perl=0.358385779534397}
INFO::gold:{programmingLanguage Perl=false}
INFO::>> now checking QUERY::many  >>>> Pattern FOUND in our LEXICON
INFO::>>>> Proposed results:predicate-object pair:: 
1 programmingLanguage Perl
INFO::>>>>  QALD KB :numberOfEmployees - >>>> NOT FOUND  RANK::0 RECIPROCAL RANK::0


INFO::rankedList:{programmingLanguage Perl=0.358385779534397}
INFO::gold:{programmingLanguage Perl=false}
INFO::>> now checking QUERY::many  >>>> Pattern FOUND in our LEXICON
INFO::>>>> Proposed results:predicate-object pair:: 
1 programmingLanguage Perl
INFO::>>>>  QALD KB :- - >>>> NOT FOUND  RANK::0 RECIPROCAL RANK::0


INFO::rankedList:{programmingLanguage Perl=0.358385779534397}
INFO::gold:{programmingLanguage Perl=false}
INFO::>> now checking QUERY::many  >>>> Pattern FOUND in our LEXICON
INFO::>>>> Proposed results:predicate-object pair:: 
1 programmingLanguage Perl
INFO::>>>>  QALD KB :- - >>>> NOT FOUND  RANK::0 RECIPROCAL RANK::0


INFO::rankedList:{programmingLanguage Perl=0.358385779534397}
INFO::gold:{programmingLanguage Perl=false}
INFO::>> now checking QUERY::many  >>>> Pattern FOUND in our LEXICON
INFO::>>>> Proposed results:predicate-object pair:: 
1 programmingLanguage Perl
INFO::>>>>  QALD KB :- - >>>> NOT FOUND  RANK::0 RECIPROCAL RANK::0


INFO::rankedList:{programmingLanguage Perl=0.358385779534397}
INFO::gold:{programmingLanguage Perl=false}
INFO::>> now checking QUERY::many  >>>> Pattern FOUND in our LEXICON
INFO::>>>> Proposed results:predicate-object pair:: 
1 programmingLanguage Perl
INFO::>>>>  QALD KB :- - >>>> NOT FOUND  RANK::0 RECIPROCAL RANK::0


INFO::rankedList:{programmingLanguage Perl=0.358385779534397}
INFO::gold:{programmingLanguage Perl=false}
INFO::>> now checking QUERY::many  >>>> Pattern FOUND in our LEXICON
INFO::>>>> Proposed results:predicate-object pair:: 
1 programmingLanguage Perl
INFO::>>>>  QALD KB :- - >>>> NOT FOUND  RANK::0 RECIPROCAL RANK::0


INFO::rankedList:{programmingLanguage Perl=0.358385779534397}
INFO::gold:{programmingLanguage Perl=false}
INFO::>> now checking QUERY::many  >>>> Pattern FOUND in our LEXICON
INFO::>>>> Proposed results:predicate-object pair:: 
1 programmingLanguage Perl
INFO::>>>>  QALD KB :numberOfEmployees - >>>> NOT FOUND  RANK::0 RECIPROCAL RANK::0


INFO::rankedList:{programmingLanguage Perl=0.358385779534397}
INFO::gold:{programmingLanguage Perl=false}
INFO::>> now checking QUERY::many  >>>> Pattern FOUND in our LEXICON
INFO::>>>> Proposed results:predicate-object pair:: 
1 programmingLanguage Perl
INFO::>>>>  QALD KB :- - >>>> NOT FOUND  RANK::0 RECIPROCAL RANK::0


INFO::rankedList:{programmingLanguage Perl=0.358385779534397}
INFO::gold:{programmingLanguage Perl=false}
INFO::>> now checking QUERY::many  >>>> Pattern FOUND in our LEXICON
INFO::>>>> Proposed results:predicate-object pair:: 
1 programmingLanguage Perl
INFO::>>>>  QALD KB :populationTotal - >>>> NOT FOUND  RANK::0 RECIPROCAL RANK::0


INFO::rankedList:{programmingLanguage Perl=0.358385779534397}
INFO::gold:{programmingLanguage Perl=false}
INFO::>> now checking QUERY::many  >>>> Pattern FOUND in our LEXICON
INFO::>>>> Proposed results:predicate-object pair:: 
1 programmingLanguage Perl
INFO::>>>>  QALD KB :numberOfLocations - >>>> NOT FOUND  RANK::0 RECIPROCAL RANK::0


INFO::rankedList:{programmingLanguage Perl=0.358385779534397}
INFO::gold:{programmingLanguage Perl=false}
INFO::>> now checking QUERY::many  >>>> Pattern FOUND in our LEXICON
INFO::>>>> Proposed results:predicate-object pair:: 
1 programmingLanguage Perl
INFO::>>>>  QALD KB :populationTotal - >>>> NOT FOUND  RANK::0 RECIPROCAL RANK::0


INFO::rankedList:{programmingLanguage Perl=0.358385779534397}
INFO::gold:{programmingLanguage Perl=false}
INFO::>> now checking QUERY::many  >>>> Pattern FOUND in our LEXICON
INFO::>>>> Proposed results:predicate-object pair:: 
1 programmingLanguage Perl
INFO::>>>>  QALD KB :- - >>>> NOT FOUND  RANK::0 RECIPROCAL RANK::0


INFO::rankedList:{programmingLanguage Perl=0.358385779534397}
INFO::gold:{programmingLanguage Perl=false}
INFO::>> now checking QUERY::many  >>>> Pattern FOUND in our LEXICON
INFO::>>>> Proposed results:predicate-object pair:: 
1 programmingLanguage Perl
INFO::>>>>  QALD KB :- - >>>> NOT FOUND  RANK::0 RECIPROCAL RANK::0


INFO::rankedList:{programmingLanguage Perl=0.358385779534397}
INFO::gold:{programmingLanguage Perl=false}
INFO::>> now checking QUERY::many  >>>> Pattern FOUND in our LEXICON
INFO::>>>> Proposed results:predicate-object pair:: 
1 programmingLanguage Perl
INFO::>>>>  QALD KB :largestCity - >>>> NOT FOUND  RANK::0 RECIPROCAL RANK::0


INFO::rankedList:{programmingLanguage Perl=0.358385779534397}
INFO::gold:{programmingLanguage Perl=false}
INFO::>> now checking QUERY::many  >>>> Pattern FOUND in our LEXICON
INFO::>>>> Proposed results:predicate-object pair:: 
1 programmingLanguage Perl
INFO::>>>>  QALD KB :- - >>>> NOT FOUND  RANK::0 RECIPROCAL RANK::0


INFO::rankedList:{programmingLanguage Perl=0.358385779534397}
INFO::gold:{programmingLanguage Perl=false}
INFO::>> now checking QUERY::many  >>>> Pattern FOUND in our LEXICON
INFO::>>>> Proposed results:predicate-object pair:: 
1 programmingLanguage Perl
INFO::>>>>  QALD KB :- - >>>> NOT FOUND  RANK::0 RECIPROCAL RANK::0


INFO::rankedList:{programmingLanguage Perl=0.358385779534397}
INFO::gold:{programmingLanguage Perl=false}
INFO::>> now checking QUERY::many  >>>> Pattern FOUND in our LEXICON
INFO::>>>> Proposed results:predicate-object pair:: 
1 programmingLanguage Perl
INFO::>>>>  QALD KB :numberOfPages - >>>> NOT FOUND  RANK::0 RECIPROCAL RANK::0


INFO::rankedList:{programmingLanguage Perl=0.358385779534397}
INFO::gold:{programmingLanguage Perl=false}
INFO::>> now checking QUERY::many  >>>> Pattern FOUND in our LEXICON
INFO::>>>> Proposed results:predicate-object pair:: 
1 programmingLanguage Perl
INFO::>>>>  QALD KB :- - >>>> NOT FOUND  RANK::0 RECIPROCAL RANK::0


INFO::rankedList:{programmingLanguage Perl=0.358385779534397}
INFO::gold:{programmingLanguage Perl=false}
INFO::>> now checking QUERY::many  >>>> Pattern FOUND in our LEXICON
INFO::>>>> Proposed results:predicate-object pair:: 
1 programmingLanguage Perl
INFO::>>>>  QALD KB :populationTotal - >>>> NOT FOUND  RANK::0 RECIPROCAL RANK::0


INFO::rankedList:{programmingLanguage Perl=0.358385779534397}
INFO::gold:{programmingLanguage Perl=false}
INFO::>> now checking QUERY::many  >>>> Pattern FOUND in our LEXICON
INFO::>>>> Proposed results:predicate-object pair:: 
1 programmingLanguage Perl
INFO::>>>>  QALD KB :- - >>>> NOT FOUND  RANK::0 RECIPROCAL RANK::0


INFO::rankedList:{programmingLanguage Perl=0.358385779534397}
INFO::gold:{programmingLanguage Perl=false}
INFO::>> now checking QUERY::many  >>>> Pattern FOUND in our LEXICON
INFO::>>>> Proposed results:predicate-object pair:: 
1 programmingLanguage Perl
INFO::>>>>  QALD KB :- - >>>> NOT FOUND  RANK::0 RECIPROCAL RANK::0


INFO::#### #### #### #### Mean Reciprocal Value::(0.0/26.0)=0.0
INFO::MEAN RECIPROCAL::0.000000000000
INFO::***** ***** ***** ****** ***** ***** ***** ***** ***** ***** ***** ***** ***** ***** ***** *****
INFO::**********************************************************************************************************************
INFO::****************************Experiment START ************************************************************************
INFO::thresholds:: Cosine-numRule_10000-supA_10.0-supB_10.0-condAB_0.05-condBA_0.5-Cosine_0.5
INFO::parts-of-speech:: JJ
INFO::JJ File that contains all patterns within this thresholds:JJ-36-Cosine-numRule_10000-supA_10.0-supB_10.0-condAB_0.05-condBA_0.5-Cosine_0.5.json
INFO::qald-9 file taken for evalution:src/main/resources/qald9/data/gold//JJ-object-qald9.csv
WARNING::NO linguistic pattern matched between lexicon and qald-9
INFO::#### #### #### #### Mean Reciprocal Value::(NaN/0.0)=NaN
INFO::MEAN RECIPROCAL::NaN
INFO::***** ***** ***** ****** ***** ***** ***** ***** ***** ***** ***** ***** ***** ***** ***** *****
INFO::**********************************************************************************************************************
INFO::****************************Experiment START ************************************************************************
INFO::thresholds:: Cosine-numRule_10000-supA_10.0-supB_10.0-condAB_0.5-condBA_0.05-Cosine_0.05
INFO::parts-of-speech:: JJ
INFO::JJ File that contains all patterns within this thresholds:JJ-37-Cosine-numRule_10000-supA_10.0-supB_10.0-condAB_0.5-condBA_0.05-Cosine_0.05.json
INFO::qald-9 file taken for evalution:src/main/resources/qald9/data/gold//JJ-object-qald9.csv
WARNING::NO linguistic pattern matched between lexicon and qald-9
INFO::#### #### #### #### Mean Reciprocal Value::(NaN/0.0)=NaN
INFO::MEAN RECIPROCAL::NaN
INFO::***** ***** ***** ****** ***** ***** ***** ***** ***** ***** ***** ***** ***** ***** ***** *****
INFO::**********************************************************************************************************************
INFO::****************************Experiment START ************************************************************************
INFO::thresholds:: Cosine-numRule_10000-supA_10.0-supB_10.0-condAB_0.5-condBA_0.05-Cosine_0.5
INFO::parts-of-speech:: JJ
INFO::JJ File that contains all patterns within this thresholds:JJ-38-Cosine-numRule_10000-supA_10.0-supB_10.0-condAB_0.5-condBA_0.05-Cosine_0.5.json
INFO::qald-9 file taken for evalution:src/main/resources/qald9/data/gold//JJ-object-qald9.csv
WARNING::NO linguistic pattern matched between lexicon and qald-9
INFO::#### #### #### #### Mean Reciprocal Value::(NaN/0.0)=NaN
INFO::MEAN RECIPROCAL::NaN
INFO::***** ***** ***** ****** ***** ***** ***** ***** ***** ***** ***** ***** ***** ***** ***** *****
INFO::**********************************************************************************************************************
INFO::****************************Experiment START ************************************************************************
INFO::thresholds:: Cosine-numRule_10000-supA_10.0-supB_10.0-condAB_0.5-condBA_0.5-Cosine_0.05
INFO::parts-of-speech:: JJ
INFO::JJ File that contains all patterns within this thresholds:JJ-39-Cosine-numRule_10000-supA_10.0-supB_10.0-condAB_0.5-condBA_0.5-Cosine_0.05.json
INFO::qald-9 file taken for evalution:src/main/resources/qald9/data/gold//JJ-object-qald9.csv
WARNING::NO linguistic pattern matched between lexicon and qald-9
INFO::#### #### #### #### Mean Reciprocal Value::(NaN/0.0)=NaN
INFO::MEAN RECIPROCAL::NaN
INFO::***** ***** ***** ****** ***** ***** ***** ***** ***** ***** ***** ***** ***** ***** ***** *****
INFO::**********************************************************************************************************************
INFO::****************************Experiment START ************************************************************************
INFO::thresholds:: Cosine-numRule_10000-supA_10.0-supB_10.0-condAB_0.5-condBA_0.5-Cosine_0.5
INFO::parts-of-speech:: JJ
INFO::JJ File that contains all patterns within this thresholds:JJ-40-Cosine-numRule_10000-supA_10.0-supB_10.0-condAB_0.5-condBA_0.5-Cosine_0.5.json
INFO::qald-9 file taken for evalution:src/main/resources/qald9/data/gold//JJ-object-qald9.csv
WARNING::NO linguistic pattern matched between lexicon and qald-9
INFO::#### #### #### #### Mean Reciprocal Value::(NaN/0.0)=NaN
INFO::MEAN RECIPROCAL::NaN
INFO::***** ***** ***** ****** ***** ***** ***** ***** ***** ***** ***** ***** ***** ***** ***** *****
INFO::**********************************************************************************************************************
INFO::****************************Experiment START ************************************************************************
INFO::thresholds:: Cosine-numRule_10000-supA_10.0-supB_200.0-condAB_0.05-condBA_0.05-Cosine_0.05
INFO::parts-of-speech:: JJ
INFO::JJ File that contains all patterns within this thresholds:JJ-41-Cosine-numRule_10000-supA_10.0-supB_200.0-condAB_0.05-condBA_0.05-Cosine_0.05.json
INFO::qald-9 file taken for evalution:src/main/resources/qald9/data/gold//JJ-object-qald9.csv
WARNING::NO linguistic pattern matched between lexicon and qald-9
INFO::#### #### #### #### Mean Reciprocal Value::(NaN/0.0)=NaN
INFO::MEAN RECIPROCAL::NaN
INFO::***** ***** ***** ****** ***** ***** ***** ***** ***** ***** ***** ***** ***** ***** ***** *****
INFO::**********************************************************************************************************************
INFO::****************************Experiment START ************************************************************************
INFO::thresholds:: Cosine-numRule_10000-supA_10.0-supB_200.0-condAB_0.05-condBA_0.05-Cosine_0.5
INFO::parts-of-speech:: JJ
INFO::JJ File that contains all patterns within this thresholds:JJ-42-Cosine-numRule_10000-supA_10.0-supB_200.0-condAB_0.05-condBA_0.05-Cosine_0.5.json
INFO::qald-9 file taken for evalution:src/main/resources/qald9/data/gold//JJ-object-qald9.csv
WARNING::NO linguistic pattern matched between lexicon and qald-9
INFO::#### #### #### #### Mean Reciprocal Value::(NaN/0.0)=NaN
INFO::MEAN RECIPROCAL::NaN
INFO::***** ***** ***** ****** ***** ***** ***** ***** ***** ***** ***** ***** ***** ***** ***** *****
INFO::**********************************************************************************************************************
INFO::****************************Experiment START ************************************************************************
INFO::thresholds:: Cosine-numRule_10000-supA_10.0-supB_200.0-condAB_0.05-condBA_0.5-Cosine_0.05
INFO::parts-of-speech:: JJ
INFO::JJ File that contains all patterns within this thresholds:JJ-43-Cosine-numRule_10000-supA_10.0-supB_200.0-condAB_0.05-condBA_0.5-Cosine_0.05.json
INFO::qald-9 file taken for evalution:src/main/resources/qald9/data/gold//JJ-object-qald9.csv
WARNING::NO linguistic pattern matched between lexicon and qald-9
INFO::#### #### #### #### Mean Reciprocal Value::(NaN/0.0)=NaN
INFO::MEAN RECIPROCAL::NaN
INFO::***** ***** ***** ****** ***** ***** ***** ***** ***** ***** ***** ***** ***** ***** ***** *****
INFO::**********************************************************************************************************************
INFO::****************************Experiment START ************************************************************************
INFO::thresholds:: Cosine-numRule_10000-supA_10.0-supB_200.0-condAB_0.05-condBA_0.5-Cosine_0.5
INFO::parts-of-speech:: JJ
INFO::JJ File that contains all patterns within this thresholds:JJ-44-Cosine-numRule_10000-supA_10.0-supB_200.0-condAB_0.05-condBA_0.5-Cosine_0.5.json
INFO::qald-9 file taken for evalution:src/main/resources/qald9/data/gold//JJ-object-qald9.csv
WARNING::NO linguistic pattern matched between lexicon and qald-9
INFO::#### #### #### #### Mean Reciprocal Value::(NaN/0.0)=NaN
INFO::MEAN RECIPROCAL::NaN
INFO::***** ***** ***** ****** ***** ***** ***** ***** ***** ***** ***** ***** ***** ***** ***** *****
INFO::**********************************************************************************************************************
INFO::****************************Experiment START ************************************************************************
INFO::thresholds:: Cosine-numRule_10000-supA_10.0-supB_200.0-condAB_0.5-condBA_0.05-Cosine_0.05
INFO::**********************************************************************************************************************
INFO::****************************Experiment START ************************************************************************
INFO::thresholds:: Cosine-numRule_10000-supA_10.0-supB_200.0-condAB_0.5-condBA_0.05-Cosine_0.5
INFO::**********************************************************************************************************************
INFO::****************************Experiment START ************************************************************************
INFO::thresholds:: Cosine-numRule_10000-supA_10.0-supB_200.0-condAB_0.5-condBA_0.5-Cosine_0.05
INFO::**********************************************************************************************************************
INFO::****************************Experiment START ************************************************************************
INFO::thresholds:: Cosine-numRule_10000-supA_10.0-supB_200.0-condAB_0.5-condBA_0.5-Cosine_0.5
INFO::**********************************************************************************************************************
INFO::****************************Experiment START ************************************************************************
INFO::thresholds:: Cosine-numRule_10000-supA_200.0-supB_10.0-condAB_0.05-condBA_0.05-Cosine_0.05
INFO::parts-of-speech:: JJ
INFO::JJ File that contains all patterns within this thresholds:JJ-49-Cosine-numRule_10000-supA_200.0-supB_10.0-condAB_0.05-condBA_0.05-Cosine_0.05.json
INFO::qald-9 file taken for evalution:src/main/resources/qald9/data/gold//JJ-object-qald9.csv
WARNING::NO linguistic pattern matched between lexicon and qald-9
INFO::#### #### #### #### Mean Reciprocal Value::(NaN/0.0)=NaN
INFO::MEAN RECIPROCAL::NaN
INFO::***** ***** ***** ****** ***** ***** ***** ***** ***** ***** ***** ***** ***** ***** ***** *****
INFO::**********************************************************************************************************************
INFO::****************************Experiment START ************************************************************************
INFO::thresholds:: Cosine-numRule_10000-supA_200.0-supB_10.0-condAB_0.05-condBA_0.05-Cosine_0.5
INFO::parts-of-speech:: JJ
INFO::JJ File that contains all patterns within this thresholds:JJ-50-Cosine-numRule_10000-supA_200.0-supB_10.0-condAB_0.05-condBA_0.05-Cosine_0.5.json
INFO::qald-9 file taken for evalution:src/main/resources/qald9/data/gold//JJ-object-qald9.csv
WARNING::NO linguistic pattern matched between lexicon and qald-9
INFO::#### #### #### #### Mean Reciprocal Value::(NaN/0.0)=NaN
INFO::MEAN RECIPROCAL::NaN
INFO::***** ***** ***** ****** ***** ***** ***** ***** ***** ***** ***** ***** ***** ***** ***** *****
INFO::**********************************************************************************************************************
INFO::****************************Experiment START ************************************************************************
INFO::thresholds:: Cosine-numRule_10000-supA_200.0-supB_10.0-condAB_0.05-condBA_0.5-Cosine_0.05
INFO::parts-of-speech:: JJ
INFO::JJ File that contains all patterns within this thresholds:JJ-51-Cosine-numRule_10000-supA_200.0-supB_10.0-condAB_0.05-condBA_0.5-Cosine_0.05.json
INFO::qald-9 file taken for evalution:src/main/resources/qald9/data/gold//JJ-object-qald9.csv
WARNING::NO linguistic pattern matched between lexicon and qald-9
INFO::#### #### #### #### Mean Reciprocal Value::(NaN/0.0)=NaN
INFO::MEAN RECIPROCAL::NaN
INFO::***** ***** ***** ****** ***** ***** ***** ***** ***** ***** ***** ***** ***** ***** ***** *****
INFO::**********************************************************************************************************************
INFO::****************************Experiment START ************************************************************************
INFO::thresholds:: Cosine-numRule_10000-supA_200.0-supB_10.0-condAB_0.05-condBA_0.5-Cosine_0.5
INFO::parts-of-speech:: JJ
INFO::JJ File that contains all patterns within this thresholds:JJ-52-Cosine-numRule_10000-supA_200.0-supB_10.0-condAB_0.05-condBA_0.5-Cosine_0.5.json
INFO::qald-9 file taken for evalution:src/main/resources/qald9/data/gold//JJ-object-qald9.csv
WARNING::NO linguistic pattern matched between lexicon and qald-9
INFO::#### #### #### #### Mean Reciprocal Value::(NaN/0.0)=NaN
INFO::MEAN RECIPROCAL::NaN
INFO::***** ***** ***** ****** ***** ***** ***** ***** ***** ***** ***** ***** ***** ***** ***** *****
INFO::**********************************************************************************************************************
INFO::****************************Experiment START ************************************************************************
INFO::thresholds:: Cosine-numRule_10000-supA_200.0-supB_10.0-condAB_0.5-condBA_0.05-Cosine_0.05
INFO::**********************************************************************************************************************
INFO::****************************Experiment START ************************************************************************
INFO::thresholds:: Cosine-numRule_10000-supA_200.0-supB_10.0-condAB_0.5-condBA_0.05-Cosine_0.5
INFO::**********************************************************************************************************************
INFO::****************************Experiment START ************************************************************************
INFO::thresholds:: Cosine-numRule_10000-supA_200.0-supB_10.0-condAB_0.5-condBA_0.5-Cosine_0.05
INFO::**********************************************************************************************************************
INFO::****************************Experiment START ************************************************************************
INFO::thresholds:: Cosine-numRule_10000-supA_200.0-supB_10.0-condAB_0.5-condBA_0.5-Cosine_0.5
INFO::**********************************************************************************************************************
INFO::****************************Experiment START ************************************************************************
INFO::thresholds:: Cosine-numRule_10000-supA_200.0-supB_200.0-condAB_0.05-condBA_0.05-Cosine_0.05
INFO::parts-of-speech:: JJ
INFO::JJ File that contains all patterns within this thresholds:JJ-57-Cosine-numRule_10000-supA_200.0-supB_200.0-condAB_0.05-condBA_0.05-Cosine_0.05.json
INFO::qald-9 file taken for evalution:src/main/resources/qald9/data/gold//JJ-object-qald9.csv
WARNING::NO linguistic pattern matched between lexicon and qald-9
INFO::#### #### #### #### Mean Reciprocal Value::(NaN/0.0)=NaN
INFO::MEAN RECIPROCAL::NaN
INFO::***** ***** ***** ****** ***** ***** ***** ***** ***** ***** ***** ***** ***** ***** ***** *****
INFO::**********************************************************************************************************************
INFO::****************************Experiment START ************************************************************************
INFO::thresholds:: Cosine-numRule_10000-supA_200.0-supB_200.0-condAB_0.05-condBA_0.05-Cosine_0.5
INFO::parts-of-speech:: JJ
INFO::JJ File that contains all patterns within this thresholds:JJ-58-Cosine-numRule_10000-supA_200.0-supB_200.0-condAB_0.05-condBA_0.05-Cosine_0.5.json
INFO::qald-9 file taken for evalution:src/main/resources/qald9/data/gold//JJ-object-qald9.csv
WARNING::NO linguistic pattern matched between lexicon and qald-9
INFO::#### #### #### #### Mean Reciprocal Value::(NaN/0.0)=NaN
INFO::MEAN RECIPROCAL::NaN
INFO::***** ***** ***** ****** ***** ***** ***** ***** ***** ***** ***** ***** ***** ***** ***** *****
INFO::**********************************************************************************************************************
INFO::****************************Experiment START ************************************************************************
INFO::thresholds:: Cosine-numRule_10000-supA_200.0-supB_200.0-condAB_0.05-condBA_0.5-Cosine_0.05
INFO::parts-of-speech:: JJ
INFO::JJ File that contains all patterns within this thresholds:JJ-59-Cosine-numRule_10000-supA_200.0-supB_200.0-condAB_0.05-condBA_0.5-Cosine_0.05.json
INFO::qald-9 file taken for evalution:src/main/resources/qald9/data/gold//JJ-object-qald9.csv
WARNING::NO linguistic pattern matched between lexicon and qald-9
INFO::#### #### #### #### Mean Reciprocal Value::(NaN/0.0)=NaN
INFO::MEAN RECIPROCAL::NaN
INFO::***** ***** ***** ****** ***** ***** ***** ***** ***** ***** ***** ***** ***** ***** ***** *****
INFO::**********************************************************************************************************************
INFO::****************************Experiment START ************************************************************************
INFO::thresholds:: Cosine-numRule_10000-supA_200.0-supB_200.0-condAB_0.05-condBA_0.5-Cosine_0.5
INFO::parts-of-speech:: JJ
INFO::JJ File that contains all patterns within this thresholds:JJ-60-Cosine-numRule_10000-supA_200.0-supB_200.0-condAB_0.05-condBA_0.5-Cosine_0.5.json
INFO::qald-9 file taken for evalution:src/main/resources/qald9/data/gold//JJ-object-qald9.csv
WARNING::NO linguistic pattern matched between lexicon and qald-9
INFO::#### #### #### #### Mean Reciprocal Value::(NaN/0.0)=NaN
INFO::MEAN RECIPROCAL::NaN
INFO::***** ***** ***** ****** ***** ***** ***** ***** ***** ***** ***** ***** ***** ***** ***** *****
INFO::**********************************************************************************************************************
INFO::****************************Experiment START ************************************************************************
INFO::thresholds:: Cosine-numRule_10000-supA_200.0-supB_200.0-condAB_0.5-condBA_0.05-Cosine_0.05
INFO::**********************************************************************************************************************
INFO::****************************Experiment START ************************************************************************
INFO::thresholds:: Cosine-numRule_10000-supA_200.0-supB_200.0-condAB_0.5-condBA_0.05-Cosine_0.5
INFO::**********************************************************************************************************************
INFO::****************************Experiment START ************************************************************************
INFO::thresholds:: Cosine-numRule_10000-supA_200.0-supB_200.0-condAB_0.5-condBA_0.5-Cosine_0.05
INFO::**********************************************************************************************************************
INFO::****************************Experiment START ************************************************************************
INFO::thresholds:: Cosine-numRule_10000-supA_200.0-supB_200.0-condAB_0.5-condBA_0.5-Cosine_0.5
INFO::**********************************************************************************************************************
