INFO::****************************Experiment START ************************************************************************
INFO::thresholds:: AllConf-nGram_1-numRule_100-supA_100.0-supB_100.0-condAB_0.05-condBA_0.05-AllConf_0.05
INFO::parts-of-speech:: NN
INFO::NN File that contains all patterns within this thresholds:NN-1-AllConf-nGram_1-numRule_100-supA_100.0-supB_100.0-condAB_0.05-condBA_0.05-AllConf_0.05.json
INFO::qald-9 file taken for evalution:src/main/resources/qald9/data/gold//NN-object-qald9.csv
WARNING::lexiconWordKbs: {berlin={birthPlace=0.105514705882353}, book={author=0.0941176470588235}, bridge={crosses=0.0974264705882353}, one known species={familia=0.0716911764705882}}
INFO::>> checking qald pattern::berlin  >>>> Pattern FOUND in our LEXICON
INFO::>>>> >>>> Proposed results:predicate:: 
1 birthPlace
INFO::>>>> >>>>  QALD KB :birthPlace >>>> >>>> FOUND : >>>> >>>> RANK::1 RECIPROCAL RANK:1.0


INFO::>> checking qald pattern::berlin  >>>> Pattern FOUND in our LEXICON
INFO::>>>> Proposed results:predicate:: 
1 birthPlace
INFO::>>>>  QALD KB :deathPlace >>>> NOT FOUND  RANK::0 RECIPROCAL RANK::0


INFO::>> checking qald pattern::berlin  >>>> Pattern FOUND in our LEXICON
INFO::>>>> Proposed results:predicate:: 
1 birthPlace
INFO::>>>>  QALD KB :targetAirport >>>> NOT FOUND  RANK::0 RECIPROCAL RANK::0


INFO::>> checking qald pattern::book  >>>> Pattern FOUND in our LEXICON
INFO::>>>> >>>> Proposed results:predicate:: 
1 author
INFO::>>>> >>>>  QALD KB :author >>>> >>>> FOUND : >>>> >>>> RANK::1 RECIPROCAL RANK:1.0


INFO::>> checking qald pattern::book  >>>> Pattern FOUND in our LEXICON
INFO::>>>> >>>> Proposed results:predicate:: 
1 author
INFO::>>>> >>>>  QALD KB :author >>>> >>>> FOUND : >>>> >>>> RANK::1 RECIPROCAL RANK:1.0


INFO::>> checking qald pattern::book  >>>> Pattern FOUND in our LEXICON
INFO::>>>> Proposed results:predicate:: 
1 author
INFO::>>>>  QALD KB :type >>>> NOT FOUND  RANK::0 RECIPROCAL RANK::0


INFO::>> checking qald pattern::book  >>>> Pattern FOUND in our LEXICON
INFO::>>>> Proposed results:predicate:: 
1 author
INFO::>>>>  QALD KB :type >>>> NOT FOUND  RANK::0 RECIPROCAL RANK::0


INFO::>> checking qald pattern::book  >>>> Pattern FOUND in our LEXICON
INFO::>>>> >>>> Proposed results:predicate:: 
1 author
INFO::>>>> >>>>  QALD KB :author >>>> >>>> FOUND : >>>> >>>> RANK::1 RECIPROCAL RANK:1.0


INFO::>> checking qald pattern::book  >>>> Pattern FOUND in our LEXICON
INFO::>>>> >>>> Proposed results:predicate:: 
1 author
INFO::>>>> >>>>  QALD KB :author >>>> >>>> FOUND : >>>> >>>> RANK::1 RECIPROCAL RANK:1.0


INFO::>> checking qald pattern::book  >>>> Pattern FOUND in our LEXICON
INFO::>>>> Proposed results:predicate:: 
1 author
INFO::>>>>  QALD KB :type >>>> NOT FOUND  RANK::0 RECIPROCAL RANK::0


INFO::>> checking qald pattern::book  >>>> Pattern FOUND in our LEXICON
INFO::>>>> Proposed results:predicate:: 
1 author
INFO::>>>>  QALD KB :type >>>> NOT FOUND  RANK::0 RECIPROCAL RANK::0


INFO::>> checking qald pattern::book  >>>> Pattern FOUND in our LEXICON
INFO::>>>> Proposed results:predicate:: 
1 author
INFO::>>>>  QALD KB :type >>>> NOT FOUND  RANK::0 RECIPROCAL RANK::0


INFO::>> checking qald pattern::book  >>>> Pattern FOUND in our LEXICON
INFO::>>>> Proposed results:predicate:: 
1 author
INFO::>>>>  QALD KB :   >>>> NOT FOUND  RANK::0 RECIPROCAL RANK::0


INFO::>> checking qald pattern::bridge  >>>> Pattern FOUND in our LEXICON
INFO::>>>> >>>> Proposed results:predicate:: 
1 crosses
INFO::>>>> >>>>  QALD KB :crosses >>>> >>>> FOUND : >>>> >>>> RANK::1 RECIPROCAL RANK:1.0


INFO::>> checking qald pattern::bridge  >>>> Pattern FOUND in our LEXICON
INFO::>>>> >>>> Proposed results:predicate:: 
1 crosses
INFO::>>>> >>>>  QALD KB :crosses >>>> >>>> FOUND : >>>> >>>> RANK::1 RECIPROCAL RANK:1.0


INFO::>> checking qald pattern::bridge  >>>> Pattern FOUND in our LEXICON
INFO::>>>> Proposed results:predicate:: 
1 crosses
INFO::>>>>  QALD KB :architect >>>> NOT FOUND  RANK::0 RECIPROCAL RANK::0


INFO::#### #### #### #### Mean Reciprocal Value::(0.4375/16.0)=0.4375
INFO::MEAN RECIPROCAL::0.437500000000
INFO::***** ***** ***** ****** ***** ***** ***** ***** ***** ***** ***** ***** ***** ***** ***** *****
INFO::**********************************************************************************************************************
