INFO::****************************Experiment START ************************************************************************
INFO::thresholds:: MaxConf-nGram_1-numRule_1000-supA_10.0-supB_20.0-condAB_0.1-condBA_0.001-MaxConf_0.001
INFO::parts-of-speech:: NN
INFO::NN File that contains all patterns within this thresholds:NN-1-MaxConf-nGram_1-numRule_1000-supA_10.0-supB_20.0-condAB_0.1-condBA_0.001-MaxConf_0.001.json
INFO::qald-9 file taken for evalution:src/main/resources/qald9/data/gold//NN-object-qald9.csv
INFO::>> checking qald pattern::family  >>>> Pattern FOUND in our LEXICON
INFO::>>>> Proposed results:object:: 
1 Tephritoidea
2 Chrysomeloidea
3 Per_Olof_Christopher_Aurivillius
INFO::>>>>  QALD KB :Family_Guy >>>> NOT FOUND  RANK::0 RECIPROCAL RANK::0


INFO::#### #### #### #### Mean Reciprocal Value::(0.0/1.0)=0.0
INFO::MEAN RECIPROCAL::0.000000000000
INFO::***** ***** ***** ****** ***** ***** ***** ***** ***** ***** ***** ***** ***** ***** ***** *****
INFO::parts-of-speech:: JJ
INFO::JJ File that contains all patterns within this thresholds:JJ-1-MaxConf-nGram_1-numRule_1000-supA_10.0-supB_20.0-condAB_0.1-condBA_0.001-MaxConf_0.001.json
INFO::qald-9 file taken for evalution:src/main/resources/qald9/data/gold//JJ-object-qald9.csv
WARNING::NO linguistic pattern matched between lexicon and qald-9
INFO::#### #### #### #### not a linguistic pattern MATCHED in our lexicon #### #### ignore the experiment!
INFO::MEAN RECIPROCAL::0.000000000000
INFO::***** ***** ***** ****** ***** ***** ***** ***** ***** ***** ***** ***** ***** ***** ***** *****
INFO::parts-of-speech:: VB
INFO::VB File that contains all patterns within this thresholds:VB-1-MaxConf-nGram_1-numRule_1000-supA_10.0-supB_20.0-condAB_0.1-condBA_0.001-MaxConf_0.001.json
INFO::qald-9 file taken for evalution:src/main/resources/qald9/data/gold//VB-object-qald9.csv
WARNING::NO linguistic pattern matched between lexicon and qald-9
INFO::#### #### #### #### not a linguistic pattern MATCHED in our lexicon #### #### ignore the experiment!
INFO::MEAN RECIPROCAL::0.000000000000
INFO::***** ***** ***** ****** ***** ***** ***** ***** ***** ***** ***** ***** ***** ***** ***** *****
INFO::**********************************************************************************************************************
INFO::****************************Experiment START ************************************************************************
INFO::thresholds:: MaxConf-nGram_1-numRule_1000-supA_10.0-supB_20.0-condAB_0.1-condBA_0.001-MaxConf_0.045
INFO::parts-of-speech:: NN
INFO::NN File that contains all patterns within this thresholds:NN-2-MaxConf-nGram_1-numRule_1000-supA_10.0-supB_20.0-condAB_0.1-condBA_0.001-MaxConf_0.045.json
INFO::qald-9 file taken for evalution:src/main/resources/qald9/data/gold//NN-object-qald9.csv
INFO::>> checking qald pattern::family  >>>> Pattern FOUND in our LEXICON
INFO::>>>> Proposed results:object:: 
1 Tephritoidea
2 Chrysomeloidea
3 Per_Olof_Christopher_Aurivillius
INFO::>>>>  QALD KB :Family_Guy >>>> NOT FOUND  RANK::0 RECIPROCAL RANK::0


INFO::#### #### #### #### Mean Reciprocal Value::(0.0/1.0)=0.0
INFO::MEAN RECIPROCAL::0.000000000000
INFO::***** ***** ***** ****** ***** ***** ***** ***** ***** ***** ***** ***** ***** ***** ***** *****
INFO::parts-of-speech:: JJ
INFO::JJ File that contains all patterns within this thresholds:JJ-2-MaxConf-nGram_1-numRule_1000-supA_10.0-supB_20.0-condAB_0.1-condBA_0.001-MaxConf_0.045.json
INFO::qald-9 file taken for evalution:src/main/resources/qald9/data/gold//JJ-object-qald9.csv
WARNING::NO linguistic pattern matched between lexicon and qald-9
INFO::#### #### #### #### not a linguistic pattern MATCHED in our lexicon #### #### ignore the experiment!
INFO::MEAN RECIPROCAL::0.000000000000
INFO::***** ***** ***** ****** ***** ***** ***** ***** ***** ***** ***** ***** ***** ***** ***** *****
INFO::parts-of-speech:: VB
INFO::VB File that contains all patterns within this thresholds:VB-2-MaxConf-nGram_1-numRule_1000-supA_10.0-supB_20.0-condAB_0.1-condBA_0.001-MaxConf_0.045.json
INFO::qald-9 file taken for evalution:src/main/resources/qald9/data/gold//VB-object-qald9.csv
WARNING::NO linguistic pattern matched between lexicon and qald-9
INFO::#### #### #### #### not a linguistic pattern MATCHED in our lexicon #### #### ignore the experiment!
INFO::MEAN RECIPROCAL::0.000000000000
INFO::***** ***** ***** ****** ***** ***** ***** ***** ***** ***** ***** ***** ***** ***** ***** *****
INFO::**********************************************************************************************************************
INFO::****************************Experiment START ************************************************************************
INFO::thresholds:: MaxConf-nGram_1-numRule_1000-supA_10.0-supB_20.0-condAB_0.1-condBA_0.8-MaxConf_0.001
INFO::parts-of-speech:: NN
INFO::NN File that contains all patterns within this thresholds:NN-3-MaxConf-nGram_1-numRule_1000-supA_10.0-supB_20.0-condAB_0.1-condBA_0.8-MaxConf_0.001.json
INFO::qald-9 file taken for evalution:src/main/resources/qald9/data/gold//NN-object-qald9.csv
INFO::>> checking qald pattern::family  >>>> Pattern FOUND in our LEXICON
INFO::>>>> Proposed results:object:: 
1 Tephritoidea
2 Chrysomeloidea
3 Per_Olof_Christopher_Aurivillius
INFO::>>>>  QALD KB :Family_Guy >>>> NOT FOUND  RANK::0 RECIPROCAL RANK::0


INFO::#### #### #### #### Mean Reciprocal Value::(0.0/1.0)=0.0
INFO::MEAN RECIPROCAL::0.000000000000
INFO::***** ***** ***** ****** ***** ***** ***** ***** ***** ***** ***** ***** ***** ***** ***** *****
INFO::parts-of-speech:: JJ
INFO::JJ File that contains all patterns within this thresholds:JJ-3-MaxConf-nGram_1-numRule_1000-supA_10.0-supB_20.0-condAB_0.1-condBA_0.8-MaxConf_0.001.json
INFO::qald-9 file taken for evalution:src/main/resources/qald9/data/gold//JJ-object-qald9.csv
WARNING::NO linguistic pattern matched between lexicon and qald-9
INFO::#### #### #### #### not a linguistic pattern MATCHED in our lexicon #### #### ignore the experiment!
INFO::MEAN RECIPROCAL::0.000000000000
INFO::***** ***** ***** ****** ***** ***** ***** ***** ***** ***** ***** ***** ***** ***** ***** *****
INFO::parts-of-speech:: VB
INFO::VB File that contains all patterns within this thresholds:VB-3-MaxConf-nGram_1-numRule_1000-supA_10.0-supB_20.0-condAB_0.1-condBA_0.8-MaxConf_0.001.json
INFO::qald-9 file taken for evalution:src/main/resources/qald9/data/gold//VB-object-qald9.csv
WARNING::NO linguistic pattern matched between lexicon and qald-9
INFO::#### #### #### #### not a linguistic pattern MATCHED in our lexicon #### #### ignore the experiment!
INFO::MEAN RECIPROCAL::0.000000000000
INFO::***** ***** ***** ****** ***** ***** ***** ***** ***** ***** ***** ***** ***** ***** ***** *****
INFO::**********************************************************************************************************************
INFO::****************************Experiment START ************************************************************************
INFO::thresholds:: MaxConf-nGram_1-numRule_1000-supA_10.0-supB_20.0-condAB_0.1-condBA_0.8-MaxConf_0.045
INFO::parts-of-speech:: NN
INFO::NN File that contains all patterns within this thresholds:NN-4-MaxConf-nGram_1-numRule_1000-supA_10.0-supB_20.0-condAB_0.1-condBA_0.8-MaxConf_0.045.json
INFO::qald-9 file taken for evalution:src/main/resources/qald9/data/gold//NN-object-qald9.csv
INFO::>> checking qald pattern::family  >>>> Pattern FOUND in our LEXICON
INFO::>>>> Proposed results:object:: 
1 Tephritoidea
2 Chrysomeloidea
3 Per_Olof_Christopher_Aurivillius
INFO::>>>>  QALD KB :Family_Guy >>>> NOT FOUND  RANK::0 RECIPROCAL RANK::0


INFO::#### #### #### #### Mean Reciprocal Value::(0.0/1.0)=0.0
INFO::MEAN RECIPROCAL::0.000000000000
INFO::***** ***** ***** ****** ***** ***** ***** ***** ***** ***** ***** ***** ***** ***** ***** *****
INFO::parts-of-speech:: JJ
INFO::JJ File that contains all patterns within this thresholds:JJ-4-MaxConf-nGram_1-numRule_1000-supA_10.0-supB_20.0-condAB_0.1-condBA_0.8-MaxConf_0.045.json
INFO::qald-9 file taken for evalution:src/main/resources/qald9/data/gold//JJ-object-qald9.csv
WARNING::NO linguistic pattern matched between lexicon and qald-9
INFO::#### #### #### #### not a linguistic pattern MATCHED in our lexicon #### #### ignore the experiment!
INFO::MEAN RECIPROCAL::0.000000000000
INFO::***** ***** ***** ****** ***** ***** ***** ***** ***** ***** ***** ***** ***** ***** ***** *****
INFO::parts-of-speech:: VB
INFO::VB File that contains all patterns within this thresholds:VB-4-MaxConf-nGram_1-numRule_1000-supA_10.0-supB_20.0-condAB_0.1-condBA_0.8-MaxConf_0.045.json
INFO::qald-9 file taken for evalution:src/main/resources/qald9/data/gold//VB-object-qald9.csv
WARNING::NO linguistic pattern matched between lexicon and qald-9
INFO::#### #### #### #### not a linguistic pattern MATCHED in our lexicon #### #### ignore the experiment!
INFO::MEAN RECIPROCAL::0.000000000000
INFO::***** ***** ***** ****** ***** ***** ***** ***** ***** ***** ***** ***** ***** ***** ***** *****
INFO::**********************************************************************************************************************
INFO::****************************Experiment START ************************************************************************
INFO::thresholds:: MaxConf-nGram_1-numRule_1000-supA_10.0-supB_20.0-condAB_0.8-condBA_0.001-MaxConf_0.001
INFO::**********************************************************************************************************************
INFO::****************************Experiment START ************************************************************************
INFO::thresholds:: MaxConf-nGram_1-numRule_1000-supA_10.0-supB_20.0-condAB_0.8-condBA_0.001-MaxConf_0.045
INFO::**********************************************************************************************************************
INFO::****************************Experiment START ************************************************************************
INFO::thresholds:: MaxConf-nGram_1-numRule_1000-supA_10.0-supB_20.0-condAB_0.8-condBA_0.8-MaxConf_0.001
INFO::**********************************************************************************************************************
INFO::****************************Experiment START ************************************************************************
INFO::thresholds:: MaxConf-nGram_1-numRule_1000-supA_10.0-supB_20.0-condAB_0.8-condBA_0.8-MaxConf_0.045
INFO::**********************************************************************************************************************
INFO::****************************Experiment START ************************************************************************
INFO::thresholds:: MaxConf-nGram_1-numRule_1000-supA_10.0-supB_100.0-condAB_0.1-condBA_0.001-MaxConf_0.001
INFO::parts-of-speech:: NN
INFO::NN File that contains all patterns within this thresholds:NN-9-MaxConf-nGram_1-numRule_1000-supA_10.0-supB_100.0-condAB_0.1-condBA_0.001-MaxConf_0.001.json
INFO::qald-9 file taken for evalution:src/main/resources/qald9/data/gold//NN-object-qald9.csv
INFO::>> checking qald pattern::family  >>>> Pattern FOUND in our LEXICON
INFO::>>>> Proposed results:object:: 
1 Tephritoidea
INFO::>>>>  QALD KB :Family_Guy >>>> NOT FOUND  RANK::0 RECIPROCAL RANK::0


INFO::#### #### #### #### Mean Reciprocal Value::(0.0/1.0)=0.0
INFO::MEAN RECIPROCAL::0.000000000000
INFO::***** ***** ***** ****** ***** ***** ***** ***** ***** ***** ***** ***** ***** ***** ***** *****
INFO::**********************************************************************************************************************
INFO::****************************Experiment START ************************************************************************
INFO::thresholds:: MaxConf-nGram_1-numRule_1000-supA_10.0-supB_100.0-condAB_0.1-condBA_0.001-MaxConf_0.045
INFO::parts-of-speech:: NN
INFO::NN File that contains all patterns within this thresholds:NN-10-MaxConf-nGram_1-numRule_1000-supA_10.0-supB_100.0-condAB_0.1-condBA_0.001-MaxConf_0.045.json
INFO::qald-9 file taken for evalution:src/main/resources/qald9/data/gold//NN-object-qald9.csv
INFO::>> checking qald pattern::family  >>>> Pattern FOUND in our LEXICON
INFO::>>>> Proposed results:object:: 
1 Tephritoidea
INFO::>>>>  QALD KB :Family_Guy >>>> NOT FOUND  RANK::0 RECIPROCAL RANK::0


INFO::#### #### #### #### Mean Reciprocal Value::(0.0/1.0)=0.0
INFO::MEAN RECIPROCAL::0.000000000000
INFO::***** ***** ***** ****** ***** ***** ***** ***** ***** ***** ***** ***** ***** ***** ***** *****
INFO::**********************************************************************************************************************
INFO::****************************Experiment START ************************************************************************
INFO::thresholds:: MaxConf-nGram_1-numRule_1000-supA_10.0-supB_100.0-condAB_0.1-condBA_0.8-MaxConf_0.001
INFO::parts-of-speech:: NN
INFO::NN File that contains all patterns within this thresholds:NN-11-MaxConf-nGram_1-numRule_1000-supA_10.0-supB_100.0-condAB_0.1-condBA_0.8-MaxConf_0.001.json
INFO::qald-9 file taken for evalution:src/main/resources/qald9/data/gold//NN-object-qald9.csv
INFO::>> checking qald pattern::family  >>>> Pattern FOUND in our LEXICON
INFO::>>>> Proposed results:object:: 
1 Tephritoidea
INFO::>>>>  QALD KB :Family_Guy >>>> NOT FOUND  RANK::0 RECIPROCAL RANK::0


INFO::#### #### #### #### Mean Reciprocal Value::(0.0/1.0)=0.0
INFO::MEAN RECIPROCAL::0.000000000000
INFO::***** ***** ***** ****** ***** ***** ***** ***** ***** ***** ***** ***** ***** ***** ***** *****
INFO::**********************************************************************************************************************
INFO::****************************Experiment START ************************************************************************
INFO::thresholds:: MaxConf-nGram_1-numRule_1000-supA_10.0-supB_100.0-condAB_0.1-condBA_0.8-MaxConf_0.045
INFO::parts-of-speech:: NN
INFO::NN File that contains all patterns within this thresholds:NN-12-MaxConf-nGram_1-numRule_1000-supA_10.0-supB_100.0-condAB_0.1-condBA_0.8-MaxConf_0.045.json
INFO::qald-9 file taken for evalution:src/main/resources/qald9/data/gold//NN-object-qald9.csv
INFO::>> checking qald pattern::family  >>>> Pattern FOUND in our LEXICON
INFO::>>>> Proposed results:object:: 
1 Tephritoidea
INFO::>>>>  QALD KB :Family_Guy >>>> NOT FOUND  RANK::0 RECIPROCAL RANK::0


INFO::#### #### #### #### Mean Reciprocal Value::(0.0/1.0)=0.0
INFO::MEAN RECIPROCAL::0.000000000000
INFO::***** ***** ***** ****** ***** ***** ***** ***** ***** ***** ***** ***** ***** ***** ***** *****
INFO::**********************************************************************************************************************
INFO::****************************Experiment START ************************************************************************
INFO::thresholds:: MaxConf-nGram_1-numRule_1000-supA_10.0-supB_100.0-condAB_0.8-condBA_0.001-MaxConf_0.001
INFO::**********************************************************************************************************************
INFO::****************************Experiment START ************************************************************************
INFO::thresholds:: MaxConf-nGram_1-numRule_1000-supA_10.0-supB_100.0-condAB_0.8-condBA_0.001-MaxConf_0.045
INFO::**********************************************************************************************************************
INFO::****************************Experiment START ************************************************************************
INFO::thresholds:: MaxConf-nGram_1-numRule_1000-supA_10.0-supB_100.0-condAB_0.8-condBA_0.8-MaxConf_0.001
INFO::**********************************************************************************************************************
INFO::****************************Experiment START ************************************************************************
INFO::thresholds:: MaxConf-nGram_1-numRule_1000-supA_10.0-supB_100.0-condAB_0.8-condBA_0.8-MaxConf_0.045
INFO::**********************************************************************************************************************
INFO::****************************Experiment START ************************************************************************
INFO::thresholds:: MaxConf-nGram_1-numRule_1000-supA_200.0-supB_20.0-condAB_0.1-condBA_0.001-MaxConf_0.001
INFO::**********************************************************************************************************************
INFO::****************************Experiment START ************************************************************************
INFO::thresholds:: MaxConf-nGram_1-numRule_1000-supA_200.0-supB_20.0-condAB_0.1-condBA_0.001-MaxConf_0.045
INFO::**********************************************************************************************************************
INFO::****************************Experiment START ************************************************************************
INFO::thresholds:: MaxConf-nGram_1-numRule_1000-supA_200.0-supB_20.0-condAB_0.1-condBA_0.8-MaxConf_0.001
INFO::**********************************************************************************************************************
INFO::****************************Experiment START ************************************************************************
INFO::thresholds:: MaxConf-nGram_1-numRule_1000-supA_200.0-supB_20.0-condAB_0.1-condBA_0.8-MaxConf_0.045
INFO::**********************************************************************************************************************
INFO::****************************Experiment START ************************************************************************
INFO::thresholds:: MaxConf-nGram_1-numRule_1000-supA_200.0-supB_20.0-condAB_0.8-condBA_0.001-MaxConf_0.001
INFO::**********************************************************************************************************************
INFO::****************************Experiment START ************************************************************************
INFO::thresholds:: MaxConf-nGram_1-numRule_1000-supA_200.0-supB_20.0-condAB_0.8-condBA_0.001-MaxConf_0.045
INFO::**********************************************************************************************************************
INFO::****************************Experiment START ************************************************************************
INFO::thresholds:: MaxConf-nGram_1-numRule_1000-supA_200.0-supB_20.0-condAB_0.8-condBA_0.8-MaxConf_0.001
INFO::**********************************************************************************************************************
INFO::****************************Experiment START ************************************************************************
INFO::thresholds:: MaxConf-nGram_1-numRule_1000-supA_200.0-supB_20.0-condAB_0.8-condBA_0.8-MaxConf_0.045
INFO::**********************************************************************************************************************
INFO::****************************Experiment START ************************************************************************
INFO::thresholds:: MaxConf-nGram_1-numRule_1000-supA_200.0-supB_100.0-condAB_0.1-condBA_0.001-MaxConf_0.001
INFO::**********************************************************************************************************************
INFO::****************************Experiment START ************************************************************************
INFO::thresholds:: MaxConf-nGram_1-numRule_1000-supA_200.0-supB_100.0-condAB_0.1-condBA_0.001-MaxConf_0.045
INFO::**********************************************************************************************************************
INFO::****************************Experiment START ************************************************************************
INFO::thresholds:: MaxConf-nGram_1-numRule_1000-supA_200.0-supB_100.0-condAB_0.1-condBA_0.8-MaxConf_0.001
INFO::**********************************************************************************************************************
INFO::****************************Experiment START ************************************************************************
INFO::thresholds:: MaxConf-nGram_1-numRule_1000-supA_200.0-supB_100.0-condAB_0.1-condBA_0.8-MaxConf_0.045
INFO::**********************************************************************************************************************
INFO::****************************Experiment START ************************************************************************
INFO::thresholds:: MaxConf-nGram_1-numRule_1000-supA_200.0-supB_100.0-condAB_0.8-condBA_0.001-MaxConf_0.001
INFO::**********************************************************************************************************************
INFO::****************************Experiment START ************************************************************************
INFO::thresholds:: MaxConf-nGram_1-numRule_1000-supA_200.0-supB_100.0-condAB_0.8-condBA_0.001-MaxConf_0.045
INFO::**********************************************************************************************************************
INFO::****************************Experiment START ************************************************************************
INFO::thresholds:: MaxConf-nGram_1-numRule_1000-supA_200.0-supB_100.0-condAB_0.8-condBA_0.8-MaxConf_0.001
INFO::**********************************************************************************************************************
INFO::****************************Experiment START ************************************************************************
INFO::thresholds:: MaxConf-nGram_1-numRule_1000-supA_200.0-supB_100.0-condAB_0.8-condBA_0.8-MaxConf_0.045
INFO::**********************************************************************************************************************
INFO::****************************Experiment START ************************************************************************
INFO::thresholds:: MaxConf-nGram_1-numRule_4000-supA_10.0-supB_20.0-condAB_0.1-condBA_0.001-MaxConf_0.001
INFO::parts-of-speech:: NN
INFO::NN File that contains all patterns within this thresholds:NN-33-MaxConf-nGram_1-numRule_4000-supA_10.0-supB_20.0-condAB_0.1-condBA_0.001-MaxConf_0.001.json
INFO::qald-9 file taken for evalution:src/main/resources/qald9/data/gold//NN-object-qald9.csv
INFO::>> checking qald pattern::family  >>>> Pattern FOUND in our LEXICON
INFO::>>>> Proposed results:object:: 
1 Tephritoidea
2 Tephritidae
3 Hesperiidae
4 Chrysomeloidea
5 Per_Olof_Christopher_Aurivillius
6 Cosmopterigidae
INFO::>>>>  QALD KB :Family_Guy >>>> NOT FOUND  RANK::0 RECIPROCAL RANK::0


INFO::#### #### #### #### Mean Reciprocal Value::(0.0/1.0)=0.0
INFO::MEAN RECIPROCAL::0.000000000000
INFO::***** ***** ***** ****** ***** ***** ***** ***** ***** ***** ***** ***** ***** ***** ***** *****
INFO::parts-of-speech:: JJ
INFO::JJ File that contains all patterns within this thresholds:JJ-33-MaxConf-nGram_1-numRule_4000-supA_10.0-supB_20.0-condAB_0.1-condBA_0.001-MaxConf_0.001.json
INFO::qald-9 file taken for evalution:src/main/resources/qald9/data/gold//JJ-object-qald9.csv
WARNING::NO linguistic pattern matched between lexicon and qald-9
INFO::#### #### #### #### not a linguistic pattern MATCHED in our lexicon #### #### ignore the experiment!
INFO::MEAN RECIPROCAL::0.000000000000
INFO::***** ***** ***** ****** ***** ***** ***** ***** ***** ***** ***** ***** ***** ***** ***** *****
INFO::parts-of-speech:: VB
INFO::VB File that contains all patterns within this thresholds:VB-33-MaxConf-nGram_1-numRule_4000-supA_10.0-supB_20.0-condAB_0.1-condBA_0.001-MaxConf_0.001.json
INFO::qald-9 file taken for evalution:src/main/resources/qald9/data/gold//VB-object-qald9.csv
INFO::>> checking qald pattern::found  >>>> Pattern FOUND in our LEXICON
INFO::>>>> Proposed results:object:: 
1 Cosmopterigidae
INFO::>>>>  QALD KB :California >>>> NOT FOUND  RANK::0 RECIPROCAL RANK::0


INFO::#### #### #### #### Mean Reciprocal Value::(0.0/1.0)=0.0
INFO::MEAN RECIPROCAL::0.000000000000
INFO::***** ***** ***** ****** ***** ***** ***** ***** ***** ***** ***** ***** ***** ***** ***** *****
INFO::**********************************************************************************************************************
INFO::****************************Experiment START ************************************************************************
INFO::thresholds:: MaxConf-nGram_1-numRule_4000-supA_10.0-supB_20.0-condAB_0.1-condBA_0.001-MaxConf_0.045
INFO::parts-of-speech:: NN
INFO::NN File that contains all patterns within this thresholds:NN-34-MaxConf-nGram_1-numRule_4000-supA_10.0-supB_20.0-condAB_0.1-condBA_0.001-MaxConf_0.045.json
INFO::qald-9 file taken for evalution:src/main/resources/qald9/data/gold//NN-object-qald9.csv
INFO::>> checking qald pattern::family  >>>> Pattern FOUND in our LEXICON
INFO::>>>> Proposed results:object:: 
1 Tephritoidea
2 Tephritidae
3 Hesperiidae
4 Chrysomeloidea
5 Per_Olof_Christopher_Aurivillius
6 Cosmopterigidae
INFO::>>>>  QALD KB :Family_Guy >>>> NOT FOUND  RANK::0 RECIPROCAL RANK::0


INFO::#### #### #### #### Mean Reciprocal Value::(0.0/1.0)=0.0
INFO::MEAN RECIPROCAL::0.000000000000
INFO::***** ***** ***** ****** ***** ***** ***** ***** ***** ***** ***** ***** ***** ***** ***** *****
INFO::parts-of-speech:: JJ
INFO::JJ File that contains all patterns within this thresholds:JJ-34-MaxConf-nGram_1-numRule_4000-supA_10.0-supB_20.0-condAB_0.1-condBA_0.001-MaxConf_0.045.json
INFO::qald-9 file taken for evalution:src/main/resources/qald9/data/gold//JJ-object-qald9.csv
WARNING::NO linguistic pattern matched between lexicon and qald-9
INFO::#### #### #### #### not a linguistic pattern MATCHED in our lexicon #### #### ignore the experiment!
INFO::MEAN RECIPROCAL::0.000000000000
INFO::***** ***** ***** ****** ***** ***** ***** ***** ***** ***** ***** ***** ***** ***** ***** *****
INFO::parts-of-speech:: VB
INFO::VB File that contains all patterns within this thresholds:VB-34-MaxConf-nGram_1-numRule_4000-supA_10.0-supB_20.0-condAB_0.1-condBA_0.001-MaxConf_0.045.json
INFO::qald-9 file taken for evalution:src/main/resources/qald9/data/gold//VB-object-qald9.csv
INFO::>> checking qald pattern::found  >>>> Pattern FOUND in our LEXICON
INFO::>>>> Proposed results:object:: 
1 Cosmopterigidae
INFO::>>>>  QALD KB :California >>>> NOT FOUND  RANK::0 RECIPROCAL RANK::0


INFO::#### #### #### #### Mean Reciprocal Value::(0.0/1.0)=0.0
INFO::MEAN RECIPROCAL::0.000000000000
INFO::***** ***** ***** ****** ***** ***** ***** ***** ***** ***** ***** ***** ***** ***** ***** *****
INFO::**********************************************************************************************************************
INFO::****************************Experiment START ************************************************************************
INFO::thresholds:: MaxConf-nGram_1-numRule_4000-supA_10.0-supB_20.0-condAB_0.1-condBA_0.8-MaxConf_0.001
INFO::parts-of-speech:: NN
INFO::NN File that contains all patterns within this thresholds:NN-35-MaxConf-nGram_1-numRule_4000-supA_10.0-supB_20.0-condAB_0.1-condBA_0.8-MaxConf_0.001.json
INFO::qald-9 file taken for evalution:src/main/resources/qald9/data/gold//NN-object-qald9.csv
INFO::>> checking qald pattern::family  >>>> Pattern FOUND in our LEXICON
INFO::>>>> Proposed results:object:: 
1 Tephritoidea
2 Tephritidae
3 Hesperiidae
4 Chrysomeloidea
5 Per_Olof_Christopher_Aurivillius
6 Cosmopterigidae
INFO::>>>>  QALD KB :Family_Guy >>>> NOT FOUND  RANK::0 RECIPROCAL RANK::0


INFO::#### #### #### #### Mean Reciprocal Value::(0.0/1.0)=0.0
INFO::MEAN RECIPROCAL::0.000000000000
INFO::***** ***** ***** ****** ***** ***** ***** ***** ***** ***** ***** ***** ***** ***** ***** *****
INFO::parts-of-speech:: JJ
INFO::JJ File that contains all patterns within this thresholds:JJ-35-MaxConf-nGram_1-numRule_4000-supA_10.0-supB_20.0-condAB_0.1-condBA_0.8-MaxConf_0.001.json
INFO::qald-9 file taken for evalution:src/main/resources/qald9/data/gold//JJ-object-qald9.csv
WARNING::NO linguistic pattern matched between lexicon and qald-9
INFO::#### #### #### #### not a linguistic pattern MATCHED in our lexicon #### #### ignore the experiment!
INFO::MEAN RECIPROCAL::0.000000000000
INFO::***** ***** ***** ****** ***** ***** ***** ***** ***** ***** ***** ***** ***** ***** ***** *****
INFO::parts-of-speech:: VB
INFO::VB File that contains all patterns within this thresholds:VB-35-MaxConf-nGram_1-numRule_4000-supA_10.0-supB_20.0-condAB_0.1-condBA_0.8-MaxConf_0.001.json
INFO::qald-9 file taken for evalution:src/main/resources/qald9/data/gold//VB-object-qald9.csv
INFO::>> checking qald pattern::found  >>>> Pattern FOUND in our LEXICON
INFO::>>>> Proposed results:object:: 
1 Cosmopterigidae
INFO::>>>>  QALD KB :California >>>> NOT FOUND  RANK::0 RECIPROCAL RANK::0


INFO::#### #### #### #### Mean Reciprocal Value::(0.0/1.0)=0.0
INFO::MEAN RECIPROCAL::0.000000000000
INFO::***** ***** ***** ****** ***** ***** ***** ***** ***** ***** ***** ***** ***** ***** ***** *****
INFO::**********************************************************************************************************************
INFO::****************************Experiment START ************************************************************************
INFO::thresholds:: MaxConf-nGram_1-numRule_4000-supA_10.0-supB_20.0-condAB_0.1-condBA_0.8-MaxConf_0.045
INFO::parts-of-speech:: NN
INFO::NN File that contains all patterns within this thresholds:NN-36-MaxConf-nGram_1-numRule_4000-supA_10.0-supB_20.0-condAB_0.1-condBA_0.8-MaxConf_0.045.json
INFO::qald-9 file taken for evalution:src/main/resources/qald9/data/gold//NN-object-qald9.csv
INFO::>> checking qald pattern::family  >>>> Pattern FOUND in our LEXICON
INFO::>>>> Proposed results:object:: 
1 Tephritoidea
2 Tephritidae
3 Hesperiidae
4 Chrysomeloidea
5 Per_Olof_Christopher_Aurivillius
6 Cosmopterigidae
INFO::>>>>  QALD KB :Family_Guy >>>> NOT FOUND  RANK::0 RECIPROCAL RANK::0


INFO::#### #### #### #### Mean Reciprocal Value::(0.0/1.0)=0.0
INFO::MEAN RECIPROCAL::0.000000000000
INFO::***** ***** ***** ****** ***** ***** ***** ***** ***** ***** ***** ***** ***** ***** ***** *****
INFO::parts-of-speech:: JJ
INFO::JJ File that contains all patterns within this thresholds:JJ-36-MaxConf-nGram_1-numRule_4000-supA_10.0-supB_20.0-condAB_0.1-condBA_0.8-MaxConf_0.045.json
INFO::qald-9 file taken for evalution:src/main/resources/qald9/data/gold//JJ-object-qald9.csv
WARNING::NO linguistic pattern matched between lexicon and qald-9
INFO::#### #### #### #### not a linguistic pattern MATCHED in our lexicon #### #### ignore the experiment!
INFO::MEAN RECIPROCAL::0.000000000000
INFO::***** ***** ***** ****** ***** ***** ***** ***** ***** ***** ***** ***** ***** ***** ***** *****
INFO::parts-of-speech:: VB
INFO::VB File that contains all patterns within this thresholds:VB-36-MaxConf-nGram_1-numRule_4000-supA_10.0-supB_20.0-condAB_0.1-condBA_0.8-MaxConf_0.045.json
INFO::qald-9 file taken for evalution:src/main/resources/qald9/data/gold//VB-object-qald9.csv
INFO::>> checking qald pattern::found  >>>> Pattern FOUND in our LEXICON
INFO::>>>> Proposed results:object:: 
1 Cosmopterigidae
INFO::>>>>  QALD KB :California >>>> NOT FOUND  RANK::0 RECIPROCAL RANK::0


INFO::#### #### #### #### Mean Reciprocal Value::(0.0/1.0)=0.0
INFO::MEAN RECIPROCAL::0.000000000000
INFO::***** ***** ***** ****** ***** ***** ***** ***** ***** ***** ***** ***** ***** ***** ***** *****
INFO::**********************************************************************************************************************
INFO::****************************Experiment START ************************************************************************
INFO::thresholds:: MaxConf-nGram_1-numRule_4000-supA_10.0-supB_20.0-condAB_0.8-condBA_0.001-MaxConf_0.001
INFO::**********************************************************************************************************************
INFO::****************************Experiment START ************************************************************************
INFO::thresholds:: MaxConf-nGram_1-numRule_4000-supA_10.0-supB_20.0-condAB_0.8-condBA_0.001-MaxConf_0.045
INFO::**********************************************************************************************************************
INFO::****************************Experiment START ************************************************************************
INFO::thresholds:: MaxConf-nGram_1-numRule_4000-supA_10.0-supB_20.0-condAB_0.8-condBA_0.8-MaxConf_0.001
INFO::**********************************************************************************************************************
INFO::****************************Experiment START ************************************************************************
INFO::thresholds:: MaxConf-nGram_1-numRule_4000-supA_10.0-supB_20.0-condAB_0.8-condBA_0.8-MaxConf_0.045
INFO::**********************************************************************************************************************
INFO::****************************Experiment START ************************************************************************
INFO::thresholds:: MaxConf-nGram_1-numRule_4000-supA_10.0-supB_100.0-condAB_0.1-condBA_0.001-MaxConf_0.001
INFO::parts-of-speech:: NN
INFO::NN File that contains all patterns within this thresholds:NN-41-MaxConf-nGram_1-numRule_4000-supA_10.0-supB_100.0-condAB_0.1-condBA_0.001-MaxConf_0.001.json
INFO::qald-9 file taken for evalution:src/main/resources/qald9/data/gold//NN-object-qald9.csv
INFO::>> checking qald pattern::family  >>>> Pattern FOUND in our LEXICON
INFO::>>>> Proposed results:object:: 
1 Tephritoidea
2 Hesperiidae
3 Cosmopterigidae
INFO::>>>>  QALD KB :Family_Guy >>>> NOT FOUND  RANK::0 RECIPROCAL RANK::0


INFO::#### #### #### #### Mean Reciprocal Value::(0.0/1.0)=0.0
INFO::MEAN RECIPROCAL::0.000000000000
INFO::***** ***** ***** ****** ***** ***** ***** ***** ***** ***** ***** ***** ***** ***** ***** *****
INFO::parts-of-speech:: VB
INFO::VB File that contains all patterns within this thresholds:VB-41-MaxConf-nGram_1-numRule_4000-supA_10.0-supB_100.0-condAB_0.1-condBA_0.001-MaxConf_0.001.json
INFO::qald-9 file taken for evalution:src/main/resources/qald9/data/gold//VB-object-qald9.csv
INFO::>> checking qald pattern::found  >>>> Pattern FOUND in our LEXICON
INFO::>>>> Proposed results:object:: 
1 Cosmopterigidae
INFO::>>>>  QALD KB :California >>>> NOT FOUND  RANK::0 RECIPROCAL RANK::0


INFO::#### #### #### #### Mean Reciprocal Value::(0.0/1.0)=0.0
INFO::MEAN RECIPROCAL::0.000000000000
INFO::***** ***** ***** ****** ***** ***** ***** ***** ***** ***** ***** ***** ***** ***** ***** *****
INFO::**********************************************************************************************************************
INFO::****************************Experiment START ************************************************************************
INFO::thresholds:: MaxConf-nGram_1-numRule_4000-supA_10.0-supB_100.0-condAB_0.1-condBA_0.001-MaxConf_0.045
INFO::parts-of-speech:: NN
INFO::NN File that contains all patterns within this thresholds:NN-42-MaxConf-nGram_1-numRule_4000-supA_10.0-supB_100.0-condAB_0.1-condBA_0.001-MaxConf_0.045.json
INFO::qald-9 file taken for evalution:src/main/resources/qald9/data/gold//NN-object-qald9.csv
INFO::>> checking qald pattern::family  >>>> Pattern FOUND in our LEXICON
INFO::>>>> Proposed results:object:: 
1 Tephritoidea
2 Hesperiidae
3 Cosmopterigidae
INFO::>>>>  QALD KB :Family_Guy >>>> NOT FOUND  RANK::0 RECIPROCAL RANK::0


INFO::#### #### #### #### Mean Reciprocal Value::(0.0/1.0)=0.0
INFO::MEAN RECIPROCAL::0.000000000000
INFO::***** ***** ***** ****** ***** ***** ***** ***** ***** ***** ***** ***** ***** ***** ***** *****
INFO::parts-of-speech:: VB
INFO::VB File that contains all patterns within this thresholds:VB-42-MaxConf-nGram_1-numRule_4000-supA_10.0-supB_100.0-condAB_0.1-condBA_0.001-MaxConf_0.045.json
INFO::qald-9 file taken for evalution:src/main/resources/qald9/data/gold//VB-object-qald9.csv
INFO::>> checking qald pattern::found  >>>> Pattern FOUND in our LEXICON
INFO::>>>> Proposed results:object:: 
1 Cosmopterigidae
INFO::>>>>  QALD KB :California >>>> NOT FOUND  RANK::0 RECIPROCAL RANK::0


INFO::#### #### #### #### Mean Reciprocal Value::(0.0/1.0)=0.0
INFO::MEAN RECIPROCAL::0.000000000000
INFO::***** ***** ***** ****** ***** ***** ***** ***** ***** ***** ***** ***** ***** ***** ***** *****
INFO::**********************************************************************************************************************
INFO::****************************Experiment START ************************************************************************
INFO::thresholds:: MaxConf-nGram_1-numRule_4000-supA_10.0-supB_100.0-condAB_0.1-condBA_0.8-MaxConf_0.001
INFO::parts-of-speech:: NN
INFO::NN File that contains all patterns within this thresholds:NN-43-MaxConf-nGram_1-numRule_4000-supA_10.0-supB_100.0-condAB_0.1-condBA_0.8-MaxConf_0.001.json
INFO::qald-9 file taken for evalution:src/main/resources/qald9/data/gold//NN-object-qald9.csv
INFO::>> checking qald pattern::family  >>>> Pattern FOUND in our LEXICON
INFO::>>>> Proposed results:object:: 
1 Tephritoidea
2 Hesperiidae
3 Cosmopterigidae
INFO::>>>>  QALD KB :Family_Guy >>>> NOT FOUND  RANK::0 RECIPROCAL RANK::0


INFO::#### #### #### #### Mean Reciprocal Value::(0.0/1.0)=0.0
INFO::MEAN RECIPROCAL::0.000000000000
INFO::***** ***** ***** ****** ***** ***** ***** ***** ***** ***** ***** ***** ***** ***** ***** *****
INFO::parts-of-speech:: VB
INFO::VB File that contains all patterns within this thresholds:VB-43-MaxConf-nGram_1-numRule_4000-supA_10.0-supB_100.0-condAB_0.1-condBA_0.8-MaxConf_0.001.json
INFO::qald-9 file taken for evalution:src/main/resources/qald9/data/gold//VB-object-qald9.csv
INFO::>> checking qald pattern::found  >>>> Pattern FOUND in our LEXICON
INFO::>>>> Proposed results:object:: 
1 Cosmopterigidae
INFO::>>>>  QALD KB :California >>>> NOT FOUND  RANK::0 RECIPROCAL RANK::0


INFO::#### #### #### #### Mean Reciprocal Value::(0.0/1.0)=0.0
INFO::MEAN RECIPROCAL::0.000000000000
INFO::***** ***** ***** ****** ***** ***** ***** ***** ***** ***** ***** ***** ***** ***** ***** *****
INFO::**********************************************************************************************************************
INFO::****************************Experiment START ************************************************************************
INFO::thresholds:: MaxConf-nGram_1-numRule_4000-supA_10.0-supB_100.0-condAB_0.1-condBA_0.8-MaxConf_0.045
INFO::parts-of-speech:: NN
INFO::NN File that contains all patterns within this thresholds:NN-44-MaxConf-nGram_1-numRule_4000-supA_10.0-supB_100.0-condAB_0.1-condBA_0.8-MaxConf_0.045.json
INFO::qald-9 file taken for evalution:src/main/resources/qald9/data/gold//NN-object-qald9.csv
INFO::>> checking qald pattern::family  >>>> Pattern FOUND in our LEXICON
INFO::>>>> Proposed results:object:: 
1 Tephritoidea
2 Hesperiidae
3 Cosmopterigidae
INFO::>>>>  QALD KB :Family_Guy >>>> NOT FOUND  RANK::0 RECIPROCAL RANK::0


INFO::#### #### #### #### Mean Reciprocal Value::(0.0/1.0)=0.0
INFO::MEAN RECIPROCAL::0.000000000000
INFO::***** ***** ***** ****** ***** ***** ***** ***** ***** ***** ***** ***** ***** ***** ***** *****
INFO::parts-of-speech:: VB
INFO::VB File that contains all patterns within this thresholds:VB-44-MaxConf-nGram_1-numRule_4000-supA_10.0-supB_100.0-condAB_0.1-condBA_0.8-MaxConf_0.045.json
INFO::qald-9 file taken for evalution:src/main/resources/qald9/data/gold//VB-object-qald9.csv
INFO::>> checking qald pattern::found  >>>> Pattern FOUND in our LEXICON
INFO::>>>> Proposed results:object:: 
1 Cosmopterigidae
INFO::>>>>  QALD KB :California >>>> NOT FOUND  RANK::0 RECIPROCAL RANK::0


INFO::#### #### #### #### Mean Reciprocal Value::(0.0/1.0)=0.0
INFO::MEAN RECIPROCAL::0.000000000000
INFO::***** ***** ***** ****** ***** ***** ***** ***** ***** ***** ***** ***** ***** ***** ***** *****
INFO::**********************************************************************************************************************
INFO::****************************Experiment START ************************************************************************
INFO::thresholds:: MaxConf-nGram_1-numRule_4000-supA_10.0-supB_100.0-condAB_0.8-condBA_0.001-MaxConf_0.001
INFO::**********************************************************************************************************************
INFO::****************************Experiment START ************************************************************************
INFO::thresholds:: MaxConf-nGram_1-numRule_4000-supA_10.0-supB_100.0-condAB_0.8-condBA_0.001-MaxConf_0.045
INFO::**********************************************************************************************************************
INFO::****************************Experiment START ************************************************************************
INFO::thresholds:: MaxConf-nGram_1-numRule_4000-supA_10.0-supB_100.0-condAB_0.8-condBA_0.8-MaxConf_0.001
INFO::**********************************************************************************************************************
INFO::****************************Experiment START ************************************************************************
INFO::thresholds:: MaxConf-nGram_1-numRule_4000-supA_10.0-supB_100.0-condAB_0.8-condBA_0.8-MaxConf_0.045
INFO::**********************************************************************************************************************
INFO::****************************Experiment START ************************************************************************
INFO::thresholds:: MaxConf-nGram_1-numRule_4000-supA_200.0-supB_20.0-condAB_0.1-condBA_0.001-MaxConf_0.001
INFO::**********************************************************************************************************************
INFO::****************************Experiment START ************************************************************************
INFO::thresholds:: MaxConf-nGram_1-numRule_4000-supA_200.0-supB_20.0-condAB_0.1-condBA_0.001-MaxConf_0.045
INFO::**********************************************************************************************************************
INFO::****************************Experiment START ************************************************************************
INFO::thresholds:: MaxConf-nGram_1-numRule_4000-supA_200.0-supB_20.0-condAB_0.1-condBA_0.8-MaxConf_0.001
INFO::**********************************************************************************************************************
INFO::****************************Experiment START ************************************************************************
INFO::thresholds:: MaxConf-nGram_1-numRule_4000-supA_200.0-supB_20.0-condAB_0.1-condBA_0.8-MaxConf_0.045
INFO::**********************************************************************************************************************
INFO::****************************Experiment START ************************************************************************
INFO::thresholds:: MaxConf-nGram_1-numRule_4000-supA_200.0-supB_20.0-condAB_0.8-condBA_0.001-MaxConf_0.001
INFO::**********************************************************************************************************************
INFO::****************************Experiment START ************************************************************************
INFO::thresholds:: MaxConf-nGram_1-numRule_4000-supA_200.0-supB_20.0-condAB_0.8-condBA_0.001-MaxConf_0.045
INFO::**********************************************************************************************************************
INFO::****************************Experiment START ************************************************************************
INFO::thresholds:: MaxConf-nGram_1-numRule_4000-supA_200.0-supB_20.0-condAB_0.8-condBA_0.8-MaxConf_0.001
INFO::**********************************************************************************************************************
INFO::****************************Experiment START ************************************************************************
INFO::thresholds:: MaxConf-nGram_1-numRule_4000-supA_200.0-supB_20.0-condAB_0.8-condBA_0.8-MaxConf_0.045
INFO::**********************************************************************************************************************
INFO::****************************Experiment START ************************************************************************
INFO::thresholds:: MaxConf-nGram_1-numRule_4000-supA_200.0-supB_100.0-condAB_0.1-condBA_0.001-MaxConf_0.001
INFO::**********************************************************************************************************************
INFO::****************************Experiment START ************************************************************************
INFO::thresholds:: MaxConf-nGram_1-numRule_4000-supA_200.0-supB_100.0-condAB_0.1-condBA_0.001-MaxConf_0.045
INFO::**********************************************************************************************************************
INFO::****************************Experiment START ************************************************************************
INFO::thresholds:: MaxConf-nGram_1-numRule_4000-supA_200.0-supB_100.0-condAB_0.1-condBA_0.8-MaxConf_0.001
INFO::**********************************************************************************************************************
INFO::****************************Experiment START ************************************************************************
INFO::thresholds:: MaxConf-nGram_1-numRule_4000-supA_200.0-supB_100.0-condAB_0.1-condBA_0.8-MaxConf_0.045
INFO::**********************************************************************************************************************
INFO::****************************Experiment START ************************************************************************
INFO::thresholds:: MaxConf-nGram_1-numRule_4000-supA_200.0-supB_100.0-condAB_0.8-condBA_0.001-MaxConf_0.001
INFO::**********************************************************************************************************************
INFO::****************************Experiment START ************************************************************************
INFO::thresholds:: MaxConf-nGram_1-numRule_4000-supA_200.0-supB_100.0-condAB_0.8-condBA_0.001-MaxConf_0.045
INFO::**********************************************************************************************************************
INFO::****************************Experiment START ************************************************************************
INFO::thresholds:: MaxConf-nGram_1-numRule_4000-supA_200.0-supB_100.0-condAB_0.8-condBA_0.8-MaxConf_0.001
INFO::**********************************************************************************************************************
INFO::****************************Experiment START ************************************************************************
INFO::thresholds:: MaxConf-nGram_1-numRule_4000-supA_200.0-supB_100.0-condAB_0.8-condBA_0.8-MaxConf_0.045
INFO::**********************************************************************************************************************
INFO::****************************Experiment START ************************************************************************
INFO::thresholds:: MaxConf-nGram_1-numRule_8000-supA_10.0-supB_20.0-condAB_0.1-condBA_0.001-MaxConf_0.001
INFO::parts-of-speech:: NN
INFO::NN File that contains all patterns within this thresholds:NN-65-MaxConf-nGram_1-numRule_8000-supA_10.0-supB_20.0-condAB_0.1-condBA_0.001-MaxConf_0.001.json
INFO::qald-9 file taken for evalution:src/main/resources/qald9/data/gold//NN-object-qald9.csv
INFO::>> checking qald pattern::family  >>>> Pattern FOUND in our LEXICON
INFO::>>>> Proposed results:object:: 
1 Coleophora
2 Tephritidae
3 Hesperiidae
4 Coleoptera
5 Chrysomeloidea
6 Per_Olof_Christopher_Aurivillius
7 Lecithoceridae
8 Subspecies
9 Schizophora
10 Acalyptratae
11 Tephritoidea
12 Noctuidae
13 Cosmopterigidae
14 Skipper_(butterfly)
INFO::>>>>  QALD KB :Family_Guy >>>> NOT FOUND  RANK::0 RECIPROCAL RANK::0


INFO::#### #### #### #### Mean Reciprocal Value::(0.0/1.0)=0.0
INFO::MEAN RECIPROCAL::0.000000000000
INFO::***** ***** ***** ****** ***** ***** ***** ***** ***** ***** ***** ***** ***** ***** ***** *****
INFO::parts-of-speech:: JJ
INFO::JJ File that contains all patterns within this thresholds:JJ-65-MaxConf-nGram_1-numRule_8000-supA_10.0-supB_20.0-condAB_0.1-condBA_0.001-MaxConf_0.001.json
INFO::qald-9 file taken for evalution:src/main/resources/qald9/data/gold//JJ-object-qald9.csv
WARNING::NO linguistic pattern matched between lexicon and qald-9
INFO::#### #### #### #### not a linguistic pattern MATCHED in our lexicon #### #### ignore the experiment!
INFO::MEAN RECIPROCAL::0.000000000000
INFO::***** ***** ***** ****** ***** ***** ***** ***** ***** ***** ***** ***** ***** ***** ***** *****
INFO::parts-of-speech:: VB
INFO::VB File that contains all patterns within this thresholds:VB-65-MaxConf-nGram_1-numRule_8000-supA_10.0-supB_20.0-condAB_0.1-condBA_0.001-MaxConf_0.001.json
INFO::qald-9 file taken for evalution:src/main/resources/qald9/data/gold//VB-object-qald9.csv
INFO::>> checking qald pattern::found  >>>> Pattern FOUND in our LEXICON
INFO::>>>> Proposed results:object:: 
1 Lecithoceridae
2 Cosmopterigidae
INFO::>>>>  QALD KB :California >>>> NOT FOUND  RANK::0 RECIPROCAL RANK::0


INFO::#### #### #### #### Mean Reciprocal Value::(0.0/1.0)=0.0
INFO::MEAN RECIPROCAL::0.000000000000
INFO::***** ***** ***** ****** ***** ***** ***** ***** ***** ***** ***** ***** ***** ***** ***** *****
INFO::**********************************************************************************************************************
INFO::****************************Experiment START ************************************************************************
INFO::thresholds:: MaxConf-nGram_1-numRule_8000-supA_10.0-supB_20.0-condAB_0.1-condBA_0.001-MaxConf_0.045
INFO::parts-of-speech:: NN
INFO::NN File that contains all patterns within this thresholds:NN-66-MaxConf-nGram_1-numRule_8000-supA_10.0-supB_20.0-condAB_0.1-condBA_0.001-MaxConf_0.045.json
INFO::qald-9 file taken for evalution:src/main/resources/qald9/data/gold//NN-object-qald9.csv
INFO::>> checking qald pattern::family  >>>> Pattern FOUND in our LEXICON
INFO::>>>> Proposed results:object:: 
1 Coleophora
2 Tephritidae
3 Hesperiidae
4 Coleoptera
5 Chrysomeloidea
6 Per_Olof_Christopher_Aurivillius
7 Lecithoceridae
8 Subspecies
9 Schizophora
10 Acalyptratae
11 Tephritoidea
12 Noctuidae
13 Cosmopterigidae
14 Skipper_(butterfly)
INFO::>>>>  QALD KB :Family_Guy >>>> NOT FOUND  RANK::0 RECIPROCAL RANK::0


INFO::#### #### #### #### Mean Reciprocal Value::(0.0/1.0)=0.0
INFO::MEAN RECIPROCAL::0.000000000000
INFO::***** ***** ***** ****** ***** ***** ***** ***** ***** ***** ***** ***** ***** ***** ***** *****
INFO::parts-of-speech:: JJ
INFO::JJ File that contains all patterns within this thresholds:JJ-66-MaxConf-nGram_1-numRule_8000-supA_10.0-supB_20.0-condAB_0.1-condBA_0.001-MaxConf_0.045.json
INFO::qald-9 file taken for evalution:src/main/resources/qald9/data/gold//JJ-object-qald9.csv
WARNING::NO linguistic pattern matched between lexicon and qald-9
INFO::#### #### #### #### not a linguistic pattern MATCHED in our lexicon #### #### ignore the experiment!
INFO::MEAN RECIPROCAL::0.000000000000
INFO::***** ***** ***** ****** ***** ***** ***** ***** ***** ***** ***** ***** ***** ***** ***** *****
INFO::parts-of-speech:: VB
INFO::VB File that contains all patterns within this thresholds:VB-66-MaxConf-nGram_1-numRule_8000-supA_10.0-supB_20.0-condAB_0.1-condBA_0.001-MaxConf_0.045.json
INFO::qald-9 file taken for evalution:src/main/resources/qald9/data/gold//VB-object-qald9.csv
INFO::>> checking qald pattern::found  >>>> Pattern FOUND in our LEXICON
INFO::>>>> Proposed results:object:: 
1 Lecithoceridae
2 Cosmopterigidae
INFO::>>>>  QALD KB :California >>>> NOT FOUND  RANK::0 RECIPROCAL RANK::0


INFO::#### #### #### #### Mean Reciprocal Value::(0.0/1.0)=0.0
INFO::MEAN RECIPROCAL::0.000000000000
INFO::***** ***** ***** ****** ***** ***** ***** ***** ***** ***** ***** ***** ***** ***** ***** *****
INFO::**********************************************************************************************************************
INFO::****************************Experiment START ************************************************************************
INFO::thresholds:: MaxConf-nGram_1-numRule_8000-supA_10.0-supB_20.0-condAB_0.1-condBA_0.8-MaxConf_0.001
INFO::parts-of-speech:: NN
INFO::NN File that contains all patterns within this thresholds:NN-67-MaxConf-nGram_1-numRule_8000-supA_10.0-supB_20.0-condAB_0.1-condBA_0.8-MaxConf_0.001.json
INFO::qald-9 file taken for evalution:src/main/resources/qald9/data/gold//NN-object-qald9.csv
INFO::>> checking qald pattern::family  >>>> Pattern FOUND in our LEXICON
INFO::>>>> Proposed results:object:: 
1 Coleophora
2 Tephritidae
3 Hesperiidae
4 Coleoptera
5 Chrysomeloidea
6 Per_Olof_Christopher_Aurivillius
7 Lecithoceridae
8 Subspecies
9 Schizophora
10 Acalyptratae
11 Tephritoidea
12 Noctuidae
13 Cosmopterigidae
14 Skipper_(butterfly)
INFO::>>>>  QALD KB :Family_Guy >>>> NOT FOUND  RANK::0 RECIPROCAL RANK::0


INFO::#### #### #### #### Mean Reciprocal Value::(0.0/1.0)=0.0
INFO::MEAN RECIPROCAL::0.000000000000
INFO::***** ***** ***** ****** ***** ***** ***** ***** ***** ***** ***** ***** ***** ***** ***** *****
INFO::parts-of-speech:: JJ
INFO::JJ File that contains all patterns within this thresholds:JJ-67-MaxConf-nGram_1-numRule_8000-supA_10.0-supB_20.0-condAB_0.1-condBA_0.8-MaxConf_0.001.json
INFO::qald-9 file taken for evalution:src/main/resources/qald9/data/gold//JJ-object-qald9.csv
WARNING::NO linguistic pattern matched between lexicon and qald-9
INFO::#### #### #### #### not a linguistic pattern MATCHED in our lexicon #### #### ignore the experiment!
INFO::MEAN RECIPROCAL::0.000000000000
INFO::***** ***** ***** ****** ***** ***** ***** ***** ***** ***** ***** ***** ***** ***** ***** *****
INFO::parts-of-speech:: VB
INFO::VB File that contains all patterns within this thresholds:VB-67-MaxConf-nGram_1-numRule_8000-supA_10.0-supB_20.0-condAB_0.1-condBA_0.8-MaxConf_0.001.json
INFO::qald-9 file taken for evalution:src/main/resources/qald9/data/gold//VB-object-qald9.csv
INFO::>> checking qald pattern::found  >>>> Pattern FOUND in our LEXICON
INFO::>>>> Proposed results:object:: 
1 Lecithoceridae
2 Cosmopterigidae
INFO::>>>>  QALD KB :California >>>> NOT FOUND  RANK::0 RECIPROCAL RANK::0


INFO::#### #### #### #### Mean Reciprocal Value::(0.0/1.0)=0.0
INFO::MEAN RECIPROCAL::0.000000000000
INFO::***** ***** ***** ****** ***** ***** ***** ***** ***** ***** ***** ***** ***** ***** ***** *****
INFO::**********************************************************************************************************************
INFO::****************************Experiment START ************************************************************************
INFO::thresholds:: MaxConf-nGram_1-numRule_8000-supA_10.0-supB_20.0-condAB_0.1-condBA_0.8-MaxConf_0.045
INFO::parts-of-speech:: NN
INFO::NN File that contains all patterns within this thresholds:NN-68-MaxConf-nGram_1-numRule_8000-supA_10.0-supB_20.0-condAB_0.1-condBA_0.8-MaxConf_0.045.json
INFO::qald-9 file taken for evalution:src/main/resources/qald9/data/gold//NN-object-qald9.csv
INFO::>> checking qald pattern::family  >>>> Pattern FOUND in our LEXICON
INFO::>>>> Proposed results:object:: 
1 Coleophora
2 Tephritidae
3 Hesperiidae
4 Coleoptera
5 Chrysomeloidea
6 Per_Olof_Christopher_Aurivillius
7 Lecithoceridae
8 Subspecies
9 Schizophora
10 Acalyptratae
11 Tephritoidea
12 Noctuidae
13 Cosmopterigidae
14 Skipper_(butterfly)
INFO::>>>>  QALD KB :Family_Guy >>>> NOT FOUND  RANK::0 RECIPROCAL RANK::0


INFO::#### #### #### #### Mean Reciprocal Value::(0.0/1.0)=0.0
INFO::MEAN RECIPROCAL::0.000000000000
INFO::***** ***** ***** ****** ***** ***** ***** ***** ***** ***** ***** ***** ***** ***** ***** *****
INFO::parts-of-speech:: JJ
INFO::JJ File that contains all patterns within this thresholds:JJ-68-MaxConf-nGram_1-numRule_8000-supA_10.0-supB_20.0-condAB_0.1-condBA_0.8-MaxConf_0.045.json
INFO::qald-9 file taken for evalution:src/main/resources/qald9/data/gold//JJ-object-qald9.csv
WARNING::NO linguistic pattern matched between lexicon and qald-9
INFO::#### #### #### #### not a linguistic pattern MATCHED in our lexicon #### #### ignore the experiment!
INFO::MEAN RECIPROCAL::0.000000000000
INFO::***** ***** ***** ****** ***** ***** ***** ***** ***** ***** ***** ***** ***** ***** ***** *****
INFO::parts-of-speech:: VB
INFO::VB File that contains all patterns within this thresholds:VB-68-MaxConf-nGram_1-numRule_8000-supA_10.0-supB_20.0-condAB_0.1-condBA_0.8-MaxConf_0.045.json
INFO::qald-9 file taken for evalution:src/main/resources/qald9/data/gold//VB-object-qald9.csv
INFO::>> checking qald pattern::found  >>>> Pattern FOUND in our LEXICON
INFO::>>>> Proposed results:object:: 
1 Lecithoceridae
2 Cosmopterigidae
INFO::>>>>  QALD KB :California >>>> NOT FOUND  RANK::0 RECIPROCAL RANK::0


INFO::#### #### #### #### Mean Reciprocal Value::(0.0/1.0)=0.0
INFO::MEAN RECIPROCAL::0.000000000000
INFO::***** ***** ***** ****** ***** ***** ***** ***** ***** ***** ***** ***** ***** ***** ***** *****
INFO::**********************************************************************************************************************
INFO::****************************Experiment START ************************************************************************
INFO::thresholds:: MaxConf-nGram_1-numRule_8000-supA_10.0-supB_20.0-condAB_0.8-condBA_0.001-MaxConf_0.001
INFO::**********************************************************************************************************************
INFO::****************************Experiment START ************************************************************************
INFO::thresholds:: MaxConf-nGram_1-numRule_8000-supA_10.0-supB_20.0-condAB_0.8-condBA_0.001-MaxConf_0.045
INFO::**********************************************************************************************************************
INFO::****************************Experiment START ************************************************************************
INFO::thresholds:: MaxConf-nGram_1-numRule_8000-supA_10.0-supB_20.0-condAB_0.8-condBA_0.8-MaxConf_0.001
INFO::**********************************************************************************************************************
INFO::****************************Experiment START ************************************************************************
INFO::thresholds:: MaxConf-nGram_1-numRule_8000-supA_10.0-supB_20.0-condAB_0.8-condBA_0.8-MaxConf_0.045
INFO::**********************************************************************************************************************
INFO::****************************Experiment START ************************************************************************
INFO::thresholds:: MaxConf-nGram_1-numRule_8000-supA_10.0-supB_100.0-condAB_0.1-condBA_0.001-MaxConf_0.001
INFO::parts-of-speech:: NN
INFO::NN File that contains all patterns within this thresholds:NN-73-MaxConf-nGram_1-numRule_8000-supA_10.0-supB_100.0-condAB_0.1-condBA_0.001-MaxConf_0.001.json
INFO::qald-9 file taken for evalution:src/main/resources/qald9/data/gold//NN-object-qald9.csv
INFO::>> checking qald pattern::family  >>>> Pattern FOUND in our LEXICON
INFO::>>>> Proposed results:object:: 
1 Coleophora
2 Schizophora
3 Acalyptratae
4 Tephritoidea
5 Hesperiidae
6 Coleoptera
7 Noctuidae
8 Cosmopterigidae
9 Skipper_(butterfly)
10 Subspecies
INFO::>>>>  QALD KB :Family_Guy >>>> NOT FOUND  RANK::0 RECIPROCAL RANK::0


INFO::#### #### #### #### Mean Reciprocal Value::(0.0/1.0)=0.0
INFO::MEAN RECIPROCAL::0.000000000000
INFO::***** ***** ***** ****** ***** ***** ***** ***** ***** ***** ***** ***** ***** ***** ***** *****
INFO::parts-of-speech:: VB
INFO::VB File that contains all patterns within this thresholds:VB-73-MaxConf-nGram_1-numRule_8000-supA_10.0-supB_100.0-condAB_0.1-condBA_0.001-MaxConf_0.001.json
INFO::qald-9 file taken for evalution:src/main/resources/qald9/data/gold//VB-object-qald9.csv
INFO::>> checking qald pattern::found  >>>> Pattern FOUND in our LEXICON
INFO::>>>> Proposed results:object:: 
1 Cosmopterigidae
INFO::>>>>  QALD KB :California >>>> NOT FOUND  RANK::0 RECIPROCAL RANK::0


INFO::#### #### #### #### Mean Reciprocal Value::(0.0/1.0)=0.0
INFO::MEAN RECIPROCAL::0.000000000000
INFO::***** ***** ***** ****** ***** ***** ***** ***** ***** ***** ***** ***** ***** ***** ***** *****
INFO::**********************************************************************************************************************
INFO::****************************Experiment START ************************************************************************
INFO::thresholds:: MaxConf-nGram_1-numRule_8000-supA_10.0-supB_100.0-condAB_0.1-condBA_0.001-MaxConf_0.045
INFO::parts-of-speech:: NN
INFO::NN File that contains all patterns within this thresholds:NN-74-MaxConf-nGram_1-numRule_8000-supA_10.0-supB_100.0-condAB_0.1-condBA_0.001-MaxConf_0.045.json
INFO::qald-9 file taken for evalution:src/main/resources/qald9/data/gold//NN-object-qald9.csv
INFO::>> checking qald pattern::family  >>>> Pattern FOUND in our LEXICON
INFO::>>>> Proposed results:object:: 
1 Coleophora
2 Schizophora
3 Acalyptratae
4 Tephritoidea
5 Hesperiidae
6 Coleoptera
7 Noctuidae
8 Cosmopterigidae
9 Skipper_(butterfly)
10 Subspecies
INFO::>>>>  QALD KB :Family_Guy >>>> NOT FOUND  RANK::0 RECIPROCAL RANK::0


INFO::#### #### #### #### Mean Reciprocal Value::(0.0/1.0)=0.0
INFO::MEAN RECIPROCAL::0.000000000000
INFO::***** ***** ***** ****** ***** ***** ***** ***** ***** ***** ***** ***** ***** ***** ***** *****
INFO::parts-of-speech:: VB
INFO::VB File that contains all patterns within this thresholds:VB-74-MaxConf-nGram_1-numRule_8000-supA_10.0-supB_100.0-condAB_0.1-condBA_0.001-MaxConf_0.045.json
INFO::qald-9 file taken for evalution:src/main/resources/qald9/data/gold//VB-object-qald9.csv
INFO::>> checking qald pattern::found  >>>> Pattern FOUND in our LEXICON
INFO::>>>> Proposed results:object:: 
1 Cosmopterigidae
INFO::>>>>  QALD KB :California >>>> NOT FOUND  RANK::0 RECIPROCAL RANK::0


INFO::#### #### #### #### Mean Reciprocal Value::(0.0/1.0)=0.0
INFO::MEAN RECIPROCAL::0.000000000000
INFO::***** ***** ***** ****** ***** ***** ***** ***** ***** ***** ***** ***** ***** ***** ***** *****
INFO::**********************************************************************************************************************
INFO::****************************Experiment START ************************************************************************
INFO::thresholds:: MaxConf-nGram_1-numRule_8000-supA_10.0-supB_100.0-condAB_0.1-condBA_0.8-MaxConf_0.001
INFO::parts-of-speech:: NN
INFO::NN File that contains all patterns within this thresholds:NN-75-MaxConf-nGram_1-numRule_8000-supA_10.0-supB_100.0-condAB_0.1-condBA_0.8-MaxConf_0.001.json
INFO::qald-9 file taken for evalution:src/main/resources/qald9/data/gold//NN-object-qald9.csv
INFO::>> checking qald pattern::family  >>>> Pattern FOUND in our LEXICON
INFO::>>>> Proposed results:object:: 
1 Coleophora
2 Schizophora
3 Acalyptratae
4 Tephritoidea
5 Hesperiidae
6 Coleoptera
7 Noctuidae
8 Cosmopterigidae
9 Skipper_(butterfly)
10 Subspecies
INFO::>>>>  QALD KB :Family_Guy >>>> NOT FOUND  RANK::0 RECIPROCAL RANK::0


INFO::#### #### #### #### Mean Reciprocal Value::(0.0/1.0)=0.0
INFO::MEAN RECIPROCAL::0.000000000000
INFO::***** ***** ***** ****** ***** ***** ***** ***** ***** ***** ***** ***** ***** ***** ***** *****
INFO::parts-of-speech:: VB
INFO::VB File that contains all patterns within this thresholds:VB-75-MaxConf-nGram_1-numRule_8000-supA_10.0-supB_100.0-condAB_0.1-condBA_0.8-MaxConf_0.001.json
INFO::qald-9 file taken for evalution:src/main/resources/qald9/data/gold//VB-object-qald9.csv
INFO::>> checking qald pattern::found  >>>> Pattern FOUND in our LEXICON
INFO::>>>> Proposed results:object:: 
1 Cosmopterigidae
INFO::>>>>  QALD KB :California >>>> NOT FOUND  RANK::0 RECIPROCAL RANK::0


INFO::#### #### #### #### Mean Reciprocal Value::(0.0/1.0)=0.0
INFO::MEAN RECIPROCAL::0.000000000000
INFO::***** ***** ***** ****** ***** ***** ***** ***** ***** ***** ***** ***** ***** ***** ***** *****
INFO::**********************************************************************************************************************
INFO::****************************Experiment START ************************************************************************
INFO::thresholds:: MaxConf-nGram_1-numRule_8000-supA_10.0-supB_100.0-condAB_0.1-condBA_0.8-MaxConf_0.045
INFO::parts-of-speech:: NN
INFO::NN File that contains all patterns within this thresholds:NN-76-MaxConf-nGram_1-numRule_8000-supA_10.0-supB_100.0-condAB_0.1-condBA_0.8-MaxConf_0.045.json
INFO::qald-9 file taken for evalution:src/main/resources/qald9/data/gold//NN-object-qald9.csv
INFO::>> checking qald pattern::family  >>>> Pattern FOUND in our LEXICON
INFO::>>>> Proposed results:object:: 
1 Coleophora
2 Schizophora
3 Acalyptratae
4 Tephritoidea
5 Hesperiidae
6 Coleoptera
7 Noctuidae
8 Cosmopterigidae
9 Skipper_(butterfly)
10 Subspecies
INFO::>>>>  QALD KB :Family_Guy >>>> NOT FOUND  RANK::0 RECIPROCAL RANK::0


INFO::#### #### #### #### Mean Reciprocal Value::(0.0/1.0)=0.0
INFO::MEAN RECIPROCAL::0.000000000000
INFO::***** ***** ***** ****** ***** ***** ***** ***** ***** ***** ***** ***** ***** ***** ***** *****
INFO::parts-of-speech:: VB
INFO::VB File that contains all patterns within this thresholds:VB-76-MaxConf-nGram_1-numRule_8000-supA_10.0-supB_100.0-condAB_0.1-condBA_0.8-MaxConf_0.045.json
INFO::qald-9 file taken for evalution:src/main/resources/qald9/data/gold//VB-object-qald9.csv
INFO::>> checking qald pattern::found  >>>> Pattern FOUND in our LEXICON
INFO::>>>> Proposed results:object:: 
1 Cosmopterigidae
INFO::>>>>  QALD KB :California >>>> NOT FOUND  RANK::0 RECIPROCAL RANK::0


INFO::#### #### #### #### Mean Reciprocal Value::(0.0/1.0)=0.0
INFO::MEAN RECIPROCAL::0.000000000000
INFO::***** ***** ***** ****** ***** ***** ***** ***** ***** ***** ***** ***** ***** ***** ***** *****
INFO::**********************************************************************************************************************
INFO::****************************Experiment START ************************************************************************
INFO::thresholds:: MaxConf-nGram_1-numRule_8000-supA_10.0-supB_100.0-condAB_0.8-condBA_0.001-MaxConf_0.001
INFO::**********************************************************************************************************************
INFO::****************************Experiment START ************************************************************************
INFO::thresholds:: MaxConf-nGram_1-numRule_8000-supA_10.0-supB_100.0-condAB_0.8-condBA_0.001-MaxConf_0.045
INFO::**********************************************************************************************************************
INFO::****************************Experiment START ************************************************************************
INFO::thresholds:: MaxConf-nGram_1-numRule_8000-supA_10.0-supB_100.0-condAB_0.8-condBA_0.8-MaxConf_0.001
INFO::**********************************************************************************************************************
INFO::****************************Experiment START ************************************************************************
INFO::thresholds:: MaxConf-nGram_1-numRule_8000-supA_10.0-supB_100.0-condAB_0.8-condBA_0.8-MaxConf_0.045
INFO::**********************************************************************************************************************
INFO::****************************Experiment START ************************************************************************
INFO::thresholds:: MaxConf-nGram_1-numRule_8000-supA_200.0-supB_20.0-condAB_0.1-condBA_0.001-MaxConf_0.001
INFO::**********************************************************************************************************************
INFO::****************************Experiment START ************************************************************************
INFO::thresholds:: MaxConf-nGram_1-numRule_8000-supA_200.0-supB_20.0-condAB_0.1-condBA_0.001-MaxConf_0.045
INFO::**********************************************************************************************************************
INFO::****************************Experiment START ************************************************************************
INFO::thresholds:: MaxConf-nGram_1-numRule_8000-supA_200.0-supB_20.0-condAB_0.1-condBA_0.8-MaxConf_0.001
INFO::**********************************************************************************************************************
INFO::****************************Experiment START ************************************************************************
INFO::thresholds:: MaxConf-nGram_1-numRule_8000-supA_200.0-supB_20.0-condAB_0.1-condBA_0.8-MaxConf_0.045
INFO::**********************************************************************************************************************
INFO::****************************Experiment START ************************************************************************
INFO::thresholds:: MaxConf-nGram_1-numRule_8000-supA_200.0-supB_20.0-condAB_0.8-condBA_0.001-MaxConf_0.001
INFO::**********************************************************************************************************************
INFO::****************************Experiment START ************************************************************************
INFO::thresholds:: MaxConf-nGram_1-numRule_8000-supA_200.0-supB_20.0-condAB_0.8-condBA_0.001-MaxConf_0.045
INFO::**********************************************************************************************************************
INFO::****************************Experiment START ************************************************************************
INFO::thresholds:: MaxConf-nGram_1-numRule_8000-supA_200.0-supB_20.0-condAB_0.8-condBA_0.8-MaxConf_0.001
INFO::**********************************************************************************************************************
INFO::****************************Experiment START ************************************************************************
INFO::thresholds:: MaxConf-nGram_1-numRule_8000-supA_200.0-supB_20.0-condAB_0.8-condBA_0.8-MaxConf_0.045
INFO::**********************************************************************************************************************
INFO::****************************Experiment START ************************************************************************
INFO::thresholds:: MaxConf-nGram_1-numRule_8000-supA_200.0-supB_100.0-condAB_0.1-condBA_0.001-MaxConf_0.001
INFO::**********************************************************************************************************************
INFO::****************************Experiment START ************************************************************************
INFO::thresholds:: MaxConf-nGram_1-numRule_8000-supA_200.0-supB_100.0-condAB_0.1-condBA_0.001-MaxConf_0.045
INFO::**********************************************************************************************************************
INFO::****************************Experiment START ************************************************************************
INFO::thresholds:: MaxConf-nGram_1-numRule_8000-supA_200.0-supB_100.0-condAB_0.1-condBA_0.8-MaxConf_0.001
INFO::**********************************************************************************************************************
INFO::****************************Experiment START ************************************************************************
INFO::thresholds:: MaxConf-nGram_1-numRule_8000-supA_200.0-supB_100.0-condAB_0.1-condBA_0.8-MaxConf_0.045
INFO::**********************************************************************************************************************
INFO::****************************Experiment START ************************************************************************
INFO::thresholds:: MaxConf-nGram_1-numRule_8000-supA_200.0-supB_100.0-condAB_0.8-condBA_0.001-MaxConf_0.001
INFO::**********************************************************************************************************************
INFO::****************************Experiment START ************************************************************************
INFO::thresholds:: MaxConf-nGram_1-numRule_8000-supA_200.0-supB_100.0-condAB_0.8-condBA_0.001-MaxConf_0.045
INFO::**********************************************************************************************************************
INFO::****************************Experiment START ************************************************************************
INFO::thresholds:: MaxConf-nGram_1-numRule_8000-supA_200.0-supB_100.0-condAB_0.8-condBA_0.8-MaxConf_0.001
INFO::**********************************************************************************************************************
INFO::****************************Experiment START ************************************************************************
INFO::thresholds:: MaxConf-nGram_1-numRule_8000-supA_200.0-supB_100.0-condAB_0.8-condBA_0.8-MaxConf_0.045
INFO::**********************************************************************************************************************
